ARM GAS  C:\Users\tugru\AppData\Local\Temp\cclfyK2D.s 			page 1


   1              		.cpu cortex-m0plus
   2              		.arch armv6s-m
   3              		.fpu softvfp
   4              		.eabi_attribute 20, 1
   5              		.eabi_attribute 21, 1
   6              		.eabi_attribute 23, 3
   7              		.eabi_attribute 24, 1
   8              		.eabi_attribute 25, 1
   9              		.eabi_attribute 26, 1
  10              		.eabi_attribute 30, 1
  11              		.eabi_attribute 34, 0
  12              		.eabi_attribute 18, 4
  13              		.file	"stm32g0xx_hal_dma_ex.c"
  14              		.text
  15              	.Ltext0:
  16              		.cfi_sections	.debug_frame
  17              		.section	.text.HAL_DMAEx_ConfigMuxSync,"ax",%progbits
  18              		.align	1
  19              		.global	HAL_DMAEx_ConfigMuxSync
  20              		.syntax unified
  21              		.code	16
  22              		.thumb_func
  24              	HAL_DMAEx_ConfigMuxSync:
  25              	.LVL0:
  26              	.LFB310:
  27              		.file 1 "Drivers/STM32G0xx_HAL_Driver/Src/stm32g0xx_hal_dma_ex.c"
   1:Drivers/STM32G0xx_HAL_Driver/Src/stm32g0xx_hal_dma_ex.c **** /**
   2:Drivers/STM32G0xx_HAL_Driver/Src/stm32g0xx_hal_dma_ex.c ****   ******************************************************************************
   3:Drivers/STM32G0xx_HAL_Driver/Src/stm32g0xx_hal_dma_ex.c ****   * @file    stm32g0xx_hal_dma_ex.c
   4:Drivers/STM32G0xx_HAL_Driver/Src/stm32g0xx_hal_dma_ex.c ****   * @author  MCD Application Team
   5:Drivers/STM32G0xx_HAL_Driver/Src/stm32g0xx_hal_dma_ex.c ****   * @brief   DMA Extension HAL module driver
   6:Drivers/STM32G0xx_HAL_Driver/Src/stm32g0xx_hal_dma_ex.c ****   *         This file provides firmware functions to manage the following
   7:Drivers/STM32G0xx_HAL_Driver/Src/stm32g0xx_hal_dma_ex.c ****   *         functionalities of the DMA Extension peripheral:
   8:Drivers/STM32G0xx_HAL_Driver/Src/stm32g0xx_hal_dma_ex.c ****   *           + Extended features functions
   9:Drivers/STM32G0xx_HAL_Driver/Src/stm32g0xx_hal_dma_ex.c ****   *
  10:Drivers/STM32G0xx_HAL_Driver/Src/stm32g0xx_hal_dma_ex.c ****   @verbatim
  11:Drivers/STM32G0xx_HAL_Driver/Src/stm32g0xx_hal_dma_ex.c ****   ==============================================================================
  12:Drivers/STM32G0xx_HAL_Driver/Src/stm32g0xx_hal_dma_ex.c ****                         ##### How to use this driver #####
  13:Drivers/STM32G0xx_HAL_Driver/Src/stm32g0xx_hal_dma_ex.c ****   ==============================================================================
  14:Drivers/STM32G0xx_HAL_Driver/Src/stm32g0xx_hal_dma_ex.c ****   [..]
  15:Drivers/STM32G0xx_HAL_Driver/Src/stm32g0xx_hal_dma_ex.c ****   The DMA Extension HAL driver can be used as follows:
  16:Drivers/STM32G0xx_HAL_Driver/Src/stm32g0xx_hal_dma_ex.c ****    (+) Configure the DMAMUX Synchronization Block using HAL_DMAEx_ConfigMuxSync function.
  17:Drivers/STM32G0xx_HAL_Driver/Src/stm32g0xx_hal_dma_ex.c ****    (+) Configure the DMAMUX Request Generator Block using HAL_DMAEx_ConfigMuxRequestGenerator funct
  18:Drivers/STM32G0xx_HAL_Driver/Src/stm32g0xx_hal_dma_ex.c ****        Functions HAL_DMAEx_EnableMuxRequestGenerator and HAL_DMAEx_DisableMuxRequestGenerator can t
  19:Drivers/STM32G0xx_HAL_Driver/Src/stm32g0xx_hal_dma_ex.c ****        to respectively enable/disable the request generator.
  20:Drivers/STM32G0xx_HAL_Driver/Src/stm32g0xx_hal_dma_ex.c **** 
  21:Drivers/STM32G0xx_HAL_Driver/Src/stm32g0xx_hal_dma_ex.c ****    (+) To handle the DMAMUX Interrupts, the function  HAL_DMAEx_MUX_IRQHandler should be called fro
  22:Drivers/STM32G0xx_HAL_Driver/Src/stm32g0xx_hal_dma_ex.c ****        the DMAMUX IRQ handler i.e DMAMUX1_OVR_IRQHandler.
  23:Drivers/STM32G0xx_HAL_Driver/Src/stm32g0xx_hal_dma_ex.c ****        As only one interrupt line is available for all DMAMUX channels and request generators , HAL
  24:Drivers/STM32G0xx_HAL_Driver/Src/stm32g0xx_hal_dma_ex.c ****        called with, as parameter, the appropriate DMA handle as many as used DMAs in the user proje
  25:Drivers/STM32G0xx_HAL_Driver/Src/stm32g0xx_hal_dma_ex.c ****       (exception done if a given DMA is not using the DMAMUX SYNC block neither a request generator
  26:Drivers/STM32G0xx_HAL_Driver/Src/stm32g0xx_hal_dma_ex.c **** 
  27:Drivers/STM32G0xx_HAL_Driver/Src/stm32g0xx_hal_dma_ex.c ****   @endverbatim
  28:Drivers/STM32G0xx_HAL_Driver/Src/stm32g0xx_hal_dma_ex.c ****   ******************************************************************************
  29:Drivers/STM32G0xx_HAL_Driver/Src/stm32g0xx_hal_dma_ex.c ****   * @attention
  30:Drivers/STM32G0xx_HAL_Driver/Src/stm32g0xx_hal_dma_ex.c ****   *
  31:Drivers/STM32G0xx_HAL_Driver/Src/stm32g0xx_hal_dma_ex.c ****   * Copyright (c) 2018 STMicroelectronics.
ARM GAS  C:\Users\tugru\AppData\Local\Temp\cclfyK2D.s 			page 2


  32:Drivers/STM32G0xx_HAL_Driver/Src/stm32g0xx_hal_dma_ex.c ****   * All rights reserved.
  33:Drivers/STM32G0xx_HAL_Driver/Src/stm32g0xx_hal_dma_ex.c ****   *
  34:Drivers/STM32G0xx_HAL_Driver/Src/stm32g0xx_hal_dma_ex.c ****   * This software is licensed under terms that can be found in the LICENSE file
  35:Drivers/STM32G0xx_HAL_Driver/Src/stm32g0xx_hal_dma_ex.c ****   * in the root directory of this software component.
  36:Drivers/STM32G0xx_HAL_Driver/Src/stm32g0xx_hal_dma_ex.c ****   * If no LICENSE file comes with this software, it is provided AS-IS.
  37:Drivers/STM32G0xx_HAL_Driver/Src/stm32g0xx_hal_dma_ex.c ****   *
  38:Drivers/STM32G0xx_HAL_Driver/Src/stm32g0xx_hal_dma_ex.c ****   ******************************************************************************
  39:Drivers/STM32G0xx_HAL_Driver/Src/stm32g0xx_hal_dma_ex.c ****   */
  40:Drivers/STM32G0xx_HAL_Driver/Src/stm32g0xx_hal_dma_ex.c **** 
  41:Drivers/STM32G0xx_HAL_Driver/Src/stm32g0xx_hal_dma_ex.c **** /* Includes ------------------------------------------------------------------*/
  42:Drivers/STM32G0xx_HAL_Driver/Src/stm32g0xx_hal_dma_ex.c **** #include "stm32g0xx_hal.h"
  43:Drivers/STM32G0xx_HAL_Driver/Src/stm32g0xx_hal_dma_ex.c **** 
  44:Drivers/STM32G0xx_HAL_Driver/Src/stm32g0xx_hal_dma_ex.c **** /** @addtogroup STM32G0xx_HAL_Driver
  45:Drivers/STM32G0xx_HAL_Driver/Src/stm32g0xx_hal_dma_ex.c ****   * @{
  46:Drivers/STM32G0xx_HAL_Driver/Src/stm32g0xx_hal_dma_ex.c ****   */
  47:Drivers/STM32G0xx_HAL_Driver/Src/stm32g0xx_hal_dma_ex.c **** 
  48:Drivers/STM32G0xx_HAL_Driver/Src/stm32g0xx_hal_dma_ex.c **** /** @defgroup DMAEx DMAEx
  49:Drivers/STM32G0xx_HAL_Driver/Src/stm32g0xx_hal_dma_ex.c ****   * @brief DMA Extended HAL module driver
  50:Drivers/STM32G0xx_HAL_Driver/Src/stm32g0xx_hal_dma_ex.c ****   * @{
  51:Drivers/STM32G0xx_HAL_Driver/Src/stm32g0xx_hal_dma_ex.c ****   */
  52:Drivers/STM32G0xx_HAL_Driver/Src/stm32g0xx_hal_dma_ex.c **** 
  53:Drivers/STM32G0xx_HAL_Driver/Src/stm32g0xx_hal_dma_ex.c **** #ifdef HAL_DMA_MODULE_ENABLED
  54:Drivers/STM32G0xx_HAL_Driver/Src/stm32g0xx_hal_dma_ex.c **** 
  55:Drivers/STM32G0xx_HAL_Driver/Src/stm32g0xx_hal_dma_ex.c **** /* Private typedef -----------------------------------------------------------*/
  56:Drivers/STM32G0xx_HAL_Driver/Src/stm32g0xx_hal_dma_ex.c **** /* Private define ------------------------------------------------------------*/
  57:Drivers/STM32G0xx_HAL_Driver/Src/stm32g0xx_hal_dma_ex.c **** /* Private macro -------------------------------------------------------------*/
  58:Drivers/STM32G0xx_HAL_Driver/Src/stm32g0xx_hal_dma_ex.c **** /* Private variables ---------------------------------------------------------*/
  59:Drivers/STM32G0xx_HAL_Driver/Src/stm32g0xx_hal_dma_ex.c **** /* Private Constants ---------------------------------------------------------*/
  60:Drivers/STM32G0xx_HAL_Driver/Src/stm32g0xx_hal_dma_ex.c **** /* Private function prototypes -----------------------------------------------*/
  61:Drivers/STM32G0xx_HAL_Driver/Src/stm32g0xx_hal_dma_ex.c **** /* Exported functions --------------------------------------------------------*/
  62:Drivers/STM32G0xx_HAL_Driver/Src/stm32g0xx_hal_dma_ex.c **** 
  63:Drivers/STM32G0xx_HAL_Driver/Src/stm32g0xx_hal_dma_ex.c **** 
  64:Drivers/STM32G0xx_HAL_Driver/Src/stm32g0xx_hal_dma_ex.c **** /** @defgroup DMAEx_Exported_Functions DMAEx Exported Functions
  65:Drivers/STM32G0xx_HAL_Driver/Src/stm32g0xx_hal_dma_ex.c ****   * @{
  66:Drivers/STM32G0xx_HAL_Driver/Src/stm32g0xx_hal_dma_ex.c ****   */
  67:Drivers/STM32G0xx_HAL_Driver/Src/stm32g0xx_hal_dma_ex.c **** 
  68:Drivers/STM32G0xx_HAL_Driver/Src/stm32g0xx_hal_dma_ex.c **** /** @defgroup DMAEx_Exported_Functions_Group1 DMAEx Extended features functions
  69:Drivers/STM32G0xx_HAL_Driver/Src/stm32g0xx_hal_dma_ex.c ****   *  @brief   Extended features functions
  70:Drivers/STM32G0xx_HAL_Driver/Src/stm32g0xx_hal_dma_ex.c ****   *
  71:Drivers/STM32G0xx_HAL_Driver/Src/stm32g0xx_hal_dma_ex.c **** @verbatim
  72:Drivers/STM32G0xx_HAL_Driver/Src/stm32g0xx_hal_dma_ex.c ****  ===============================================================================
  73:Drivers/STM32G0xx_HAL_Driver/Src/stm32g0xx_hal_dma_ex.c ****                 #####  Extended features functions  #####
  74:Drivers/STM32G0xx_HAL_Driver/Src/stm32g0xx_hal_dma_ex.c ****  ===============================================================================
  75:Drivers/STM32G0xx_HAL_Driver/Src/stm32g0xx_hal_dma_ex.c ****     [..]  This section provides functions allowing to:
  76:Drivers/STM32G0xx_HAL_Driver/Src/stm32g0xx_hal_dma_ex.c **** 
  77:Drivers/STM32G0xx_HAL_Driver/Src/stm32g0xx_hal_dma_ex.c ****     (+) Configure the DMAMUX Synchronization Block using HAL_DMAEx_ConfigMuxSync function.
  78:Drivers/STM32G0xx_HAL_Driver/Src/stm32g0xx_hal_dma_ex.c ****     (+) Configure the DMAMUX Request Generator Block using HAL_DMAEx_ConfigMuxRequestGenerator func
  79:Drivers/STM32G0xx_HAL_Driver/Src/stm32g0xx_hal_dma_ex.c ****        Functions HAL_DMAEx_EnableMuxRequestGenerator and HAL_DMAEx_DisableMuxRequestGenerator can t
  80:Drivers/STM32G0xx_HAL_Driver/Src/stm32g0xx_hal_dma_ex.c ****        to respectively enable/disable the request generator.
  81:Drivers/STM32G0xx_HAL_Driver/Src/stm32g0xx_hal_dma_ex.c ****     (+) Handle DMAMUX interrupts using HAL_DMAEx_MUX_IRQHandler : should be called from
  82:Drivers/STM32G0xx_HAL_Driver/Src/stm32g0xx_hal_dma_ex.c ****         the DMAMUX IRQ handler
  83:Drivers/STM32G0xx_HAL_Driver/Src/stm32g0xx_hal_dma_ex.c **** 
  84:Drivers/STM32G0xx_HAL_Driver/Src/stm32g0xx_hal_dma_ex.c **** @endverbatim
  85:Drivers/STM32G0xx_HAL_Driver/Src/stm32g0xx_hal_dma_ex.c ****   * @{
  86:Drivers/STM32G0xx_HAL_Driver/Src/stm32g0xx_hal_dma_ex.c ****   */
  87:Drivers/STM32G0xx_HAL_Driver/Src/stm32g0xx_hal_dma_ex.c **** 
  88:Drivers/STM32G0xx_HAL_Driver/Src/stm32g0xx_hal_dma_ex.c **** /**
ARM GAS  C:\Users\tugru\AppData\Local\Temp\cclfyK2D.s 			page 3


  89:Drivers/STM32G0xx_HAL_Driver/Src/stm32g0xx_hal_dma_ex.c ****   * @brief Configure the DMAMUX synchronization parameters for a given DMA channel (instance).
  90:Drivers/STM32G0xx_HAL_Driver/Src/stm32g0xx_hal_dma_ex.c ****   * @param hdma Pointer to a DMA_HandleTypeDef structure that contains
  91:Drivers/STM32G0xx_HAL_Driver/Src/stm32g0xx_hal_dma_ex.c ****   *             the configuration information for the specified DMA channel.
  92:Drivers/STM32G0xx_HAL_Driver/Src/stm32g0xx_hal_dma_ex.c ****   * @param pSyncConfig Pointer to HAL_DMA_MuxSyncConfigTypeDef contains the DMAMUX synchronization 
  93:Drivers/STM32G0xx_HAL_Driver/Src/stm32g0xx_hal_dma_ex.c ****   * @retval HAL status
  94:Drivers/STM32G0xx_HAL_Driver/Src/stm32g0xx_hal_dma_ex.c ****   */
  95:Drivers/STM32G0xx_HAL_Driver/Src/stm32g0xx_hal_dma_ex.c **** HAL_StatusTypeDef HAL_DMAEx_ConfigMuxSync(DMA_HandleTypeDef *hdma, HAL_DMA_MuxSyncConfigTypeDef *pS
  96:Drivers/STM32G0xx_HAL_Driver/Src/stm32g0xx_hal_dma_ex.c **** {
  28              		.loc 1 96 1 view -0
  29              		.cfi_startproc
  30              		@ args = 0, pretend = 0, frame = 0
  31              		@ frame_needed = 0, uses_anonymous_args = 0
  32              		.loc 1 96 1 is_stmt 0 view .LVU1
  33 0000 70B5     		push	{r4, r5, r6, lr}
  34              	.LCFI0:
  35              		.cfi_def_cfa_offset 16
  36              		.cfi_offset 4, -16
  37              		.cfi_offset 5, -12
  38              		.cfi_offset 6, -8
  39              		.cfi_offset 14, -4
  97:Drivers/STM32G0xx_HAL_Driver/Src/stm32g0xx_hal_dma_ex.c ****   /* Check the parameters */
  98:Drivers/STM32G0xx_HAL_Driver/Src/stm32g0xx_hal_dma_ex.c ****   assert_param(IS_DMA_ALL_INSTANCE(hdma->Instance));
  40              		.loc 1 98 3 is_stmt 1 view .LVU2
  99:Drivers/STM32G0xx_HAL_Driver/Src/stm32g0xx_hal_dma_ex.c **** 
 100:Drivers/STM32G0xx_HAL_Driver/Src/stm32g0xx_hal_dma_ex.c ****   assert_param(IS_DMAMUX_SYNC_SIGNAL_ID(pSyncConfig->SyncSignalID));
  41              		.loc 1 100 3 view .LVU3
 101:Drivers/STM32G0xx_HAL_Driver/Src/stm32g0xx_hal_dma_ex.c **** 
 102:Drivers/STM32G0xx_HAL_Driver/Src/stm32g0xx_hal_dma_ex.c ****   assert_param(IS_DMAMUX_SYNC_POLARITY(pSyncConfig-> SyncPolarity));
  42              		.loc 1 102 3 view .LVU4
 103:Drivers/STM32G0xx_HAL_Driver/Src/stm32g0xx_hal_dma_ex.c ****   assert_param(IS_DMAMUX_SYNC_STATE(pSyncConfig->SyncEnable));
  43              		.loc 1 103 3 view .LVU5
 104:Drivers/STM32G0xx_HAL_Driver/Src/stm32g0xx_hal_dma_ex.c ****   assert_param(IS_DMAMUX_SYNC_EVENT(pSyncConfig->EventEnable));
  44              		.loc 1 104 3 view .LVU6
 105:Drivers/STM32G0xx_HAL_Driver/Src/stm32g0xx_hal_dma_ex.c ****   assert_param(IS_DMAMUX_SYNC_REQUEST_NUMBER(pSyncConfig->RequestNumber));
  45              		.loc 1 105 3 view .LVU7
 106:Drivers/STM32G0xx_HAL_Driver/Src/stm32g0xx_hal_dma_ex.c **** 
 107:Drivers/STM32G0xx_HAL_Driver/Src/stm32g0xx_hal_dma_ex.c ****   /*Check if the DMA state is ready */
 108:Drivers/STM32G0xx_HAL_Driver/Src/stm32g0xx_hal_dma_ex.c ****   if (hdma->State == HAL_DMA_STATE_READY)
  46              		.loc 1 108 3 view .LVU8
  47              		.loc 1 108 11 is_stmt 0 view .LVU9
  48 0002 2523     		movs	r3, #37
  49 0004 C35C     		ldrb	r3, [r0, r3]
  50              		.loc 1 108 6 view .LVU10
  51 0006 012B     		cmp	r3, #1
  52 0008 1DD1     		bne	.L2
 109:Drivers/STM32G0xx_HAL_Driver/Src/stm32g0xx_hal_dma_ex.c ****   {
 110:Drivers/STM32G0xx_HAL_Driver/Src/stm32g0xx_hal_dma_ex.c ****     /* Process Locked */
 111:Drivers/STM32G0xx_HAL_Driver/Src/stm32g0xx_hal_dma_ex.c ****     __HAL_LOCK(hdma);
  53              		.loc 1 111 5 is_stmt 1 view .LVU11
  54              		.loc 1 111 5 view .LVU12
  55 000a 2333     		adds	r3, r3, #35
  56 000c C35C     		ldrb	r3, [r0, r3]
  57 000e 012B     		cmp	r3, #1
  58 0010 1DD0     		beq	.L4
  59              		.loc 1 111 5 discriminator 2 view .LVU13
  60 0012 2424     		movs	r4, #36
  61 0014 0123     		movs	r3, #1
ARM GAS  C:\Users\tugru\AppData\Local\Temp\cclfyK2D.s 			page 4


  62 0016 0355     		strb	r3, [r0, r4]
  63              		.loc 1 111 5 discriminator 2 view .LVU14
 112:Drivers/STM32G0xx_HAL_Driver/Src/stm32g0xx_hal_dma_ex.c **** 
 113:Drivers/STM32G0xx_HAL_Driver/Src/stm32g0xx_hal_dma_ex.c ****     /* Set the new synchronization parameters (and keep the request ID filled during the Init)*/
 114:Drivers/STM32G0xx_HAL_Driver/Src/stm32g0xx_hal_dma_ex.c ****     MODIFY_REG(hdma->DMAmuxChannel->CCR, \
  64              		.loc 1 114 5 discriminator 2 view .LVU15
  65 0018 456C     		ldr	r5, [r0, #68]
  66 001a 2B68     		ldr	r3, [r5]
  67 001c 3F22     		movs	r2, #63
  68 001e 1A40     		ands	r2, r3
  69 0020 CB68     		ldr	r3, [r1, #12]
  70 0022 013B     		subs	r3, r3, #1
  71 0024 DB04     		lsls	r3, r3, #19
  72 0026 0E68     		ldr	r6, [r1]
  73 0028 3343     		orrs	r3, r6
  74 002a 4E68     		ldr	r6, [r1, #4]
  75 002c 3343     		orrs	r3, r6
  76 002e 0E7A     		ldrb	r6, [r1, #8]
  77 0030 3604     		lsls	r6, r6, #16
  78 0032 3343     		orrs	r3, r6
  79 0034 497A     		ldrb	r1, [r1, #9]
  80              	.LVL1:
  81              		.loc 1 114 5 is_stmt 0 discriminator 2 view .LVU16
  82 0036 4902     		lsls	r1, r1, #9
  83 0038 0B43     		orrs	r3, r1
  84 003a 1343     		orrs	r3, r2
  85 003c 2B60     		str	r3, [r5]
 115:Drivers/STM32G0xx_HAL_Driver/Src/stm32g0xx_hal_dma_ex.c ****                (~DMAMUX_CxCR_DMAREQ_ID), \
 116:Drivers/STM32G0xx_HAL_Driver/Src/stm32g0xx_hal_dma_ex.c ****                (pSyncConfig->SyncSignalID | ((pSyncConfig->RequestNumber - 1U) << DMAMUX_CxCR_NBREQ
 117:Drivers/STM32G0xx_HAL_Driver/Src/stm32g0xx_hal_dma_ex.c ****                 pSyncConfig->SyncPolarity | ((uint32_t)pSyncConfig->SyncEnable << DMAMUX_CxCR_SE_Po
 118:Drivers/STM32G0xx_HAL_Driver/Src/stm32g0xx_hal_dma_ex.c ****                 ((uint32_t)pSyncConfig->EventEnable << DMAMUX_CxCR_EGE_Pos)));
 119:Drivers/STM32G0xx_HAL_Driver/Src/stm32g0xx_hal_dma_ex.c **** 
 120:Drivers/STM32G0xx_HAL_Driver/Src/stm32g0xx_hal_dma_ex.c ****     /* Process UnLocked */
 121:Drivers/STM32G0xx_HAL_Driver/Src/stm32g0xx_hal_dma_ex.c ****     __HAL_UNLOCK(hdma);
  86              		.loc 1 121 5 is_stmt 1 discriminator 2 view .LVU17
  87              		.loc 1 121 5 discriminator 2 view .LVU18
  88 003e 0023     		movs	r3, #0
  89 0040 0355     		strb	r3, [r0, r4]
  90              		.loc 1 121 5 discriminator 2 view .LVU19
 122:Drivers/STM32G0xx_HAL_Driver/Src/stm32g0xx_hal_dma_ex.c **** 
 123:Drivers/STM32G0xx_HAL_Driver/Src/stm32g0xx_hal_dma_ex.c ****     return HAL_OK;
  91              		.loc 1 123 5 discriminator 2 view .LVU20
  92              		.loc 1 123 12 is_stmt 0 discriminator 2 view .LVU21
  93 0042 0020     		movs	r0, #0
  94              	.LVL2:
  95              		.loc 1 123 12 discriminator 2 view .LVU22
  96 0044 02E0     		b	.L3
  97              	.LVL3:
  98              	.L2:
 124:Drivers/STM32G0xx_HAL_Driver/Src/stm32g0xx_hal_dma_ex.c ****   }
 125:Drivers/STM32G0xx_HAL_Driver/Src/stm32g0xx_hal_dma_ex.c ****   else
 126:Drivers/STM32G0xx_HAL_Driver/Src/stm32g0xx_hal_dma_ex.c ****   {
 127:Drivers/STM32G0xx_HAL_Driver/Src/stm32g0xx_hal_dma_ex.c ****     /* Set the error code to busy */
 128:Drivers/STM32G0xx_HAL_Driver/Src/stm32g0xx_hal_dma_ex.c ****     hdma->ErrorCode = HAL_DMA_ERROR_BUSY;
  99              		.loc 1 128 5 is_stmt 1 view .LVU23
 100              		.loc 1 128 21 is_stmt 0 view .LVU24
 101 0046 8023     		movs	r3, #128
ARM GAS  C:\Users\tugru\AppData\Local\Temp\cclfyK2D.s 			page 5


 102 0048 C363     		str	r3, [r0, #60]
 129:Drivers/STM32G0xx_HAL_Driver/Src/stm32g0xx_hal_dma_ex.c **** 
 130:Drivers/STM32G0xx_HAL_Driver/Src/stm32g0xx_hal_dma_ex.c ****     /* Return error status */
 131:Drivers/STM32G0xx_HAL_Driver/Src/stm32g0xx_hal_dma_ex.c ****     return HAL_ERROR;
 103              		.loc 1 131 5 is_stmt 1 view .LVU25
 104              		.loc 1 131 12 is_stmt 0 view .LVU26
 105 004a 0120     		movs	r0, #1
 106              	.LVL4:
 107              	.L3:
 132:Drivers/STM32G0xx_HAL_Driver/Src/stm32g0xx_hal_dma_ex.c ****   }
 133:Drivers/STM32G0xx_HAL_Driver/Src/stm32g0xx_hal_dma_ex.c **** }
 108              		.loc 1 133 1 view .LVU27
 109              		@ sp needed
 110 004c 70BD     		pop	{r4, r5, r6, pc}
 111              	.LVL5:
 112              	.L4:
 111:Drivers/STM32G0xx_HAL_Driver/Src/stm32g0xx_hal_dma_ex.c **** 
 113              		.loc 1 111 5 view .LVU28
 114 004e 0220     		movs	r0, #2
 115              	.LVL6:
 111:Drivers/STM32G0xx_HAL_Driver/Src/stm32g0xx_hal_dma_ex.c **** 
 116              		.loc 1 111 5 view .LVU29
 117 0050 FCE7     		b	.L3
 118              		.cfi_endproc
 119              	.LFE310:
 121              		.section	.text.HAL_DMAEx_ConfigMuxRequestGenerator,"ax",%progbits
 122              		.align	1
 123              		.global	HAL_DMAEx_ConfigMuxRequestGenerator
 124              		.syntax unified
 125              		.code	16
 126              		.thumb_func
 128              	HAL_DMAEx_ConfigMuxRequestGenerator:
 129              	.LVL7:
 130              	.LFB311:
 134:Drivers/STM32G0xx_HAL_Driver/Src/stm32g0xx_hal_dma_ex.c **** 
 135:Drivers/STM32G0xx_HAL_Driver/Src/stm32g0xx_hal_dma_ex.c **** /**
 136:Drivers/STM32G0xx_HAL_Driver/Src/stm32g0xx_hal_dma_ex.c ****   * @brief Configure the DMAMUX request generator block used by the given DMA channel (instance).
 137:Drivers/STM32G0xx_HAL_Driver/Src/stm32g0xx_hal_dma_ex.c ****   * @param hdma Pointer to a DMA_HandleTypeDef structure that contains
 138:Drivers/STM32G0xx_HAL_Driver/Src/stm32g0xx_hal_dma_ex.c ****   *             the configuration information for the specified DMA channel.
 139:Drivers/STM32G0xx_HAL_Driver/Src/stm32g0xx_hal_dma_ex.c ****   * @param pRequestGeneratorConfig Pointer to HAL_DMA_MuxRequestGeneratorConfigTypeDef
 140:Drivers/STM32G0xx_HAL_Driver/Src/stm32g0xx_hal_dma_ex.c ****   *                                contains the request generator parameters.
 141:Drivers/STM32G0xx_HAL_Driver/Src/stm32g0xx_hal_dma_ex.c ****   *
 142:Drivers/STM32G0xx_HAL_Driver/Src/stm32g0xx_hal_dma_ex.c ****   * @retval HAL status
 143:Drivers/STM32G0xx_HAL_Driver/Src/stm32g0xx_hal_dma_ex.c ****   */
 144:Drivers/STM32G0xx_HAL_Driver/Src/stm32g0xx_hal_dma_ex.c **** HAL_StatusTypeDef HAL_DMAEx_ConfigMuxRequestGenerator(DMA_HandleTypeDef *hdma,
 145:Drivers/STM32G0xx_HAL_Driver/Src/stm32g0xx_hal_dma_ex.c ****                                                       HAL_DMA_MuxRequestGeneratorConfigTypeDef *pRe
 146:Drivers/STM32G0xx_HAL_Driver/Src/stm32g0xx_hal_dma_ex.c **** {
 131              		.loc 1 146 1 is_stmt 1 view -0
 132              		.cfi_startproc
 133              		@ args = 0, pretend = 0, frame = 0
 134              		@ frame_needed = 0, uses_anonymous_args = 0
 135              		.loc 1 146 1 is_stmt 0 view .LVU31
 136 0000 30B5     		push	{r4, r5, lr}
 137              	.LCFI1:
 138              		.cfi_def_cfa_offset 12
 139              		.cfi_offset 4, -12
 140              		.cfi_offset 5, -8
ARM GAS  C:\Users\tugru\AppData\Local\Temp\cclfyK2D.s 			page 6


 141              		.cfi_offset 14, -4
 147:Drivers/STM32G0xx_HAL_Driver/Src/stm32g0xx_hal_dma_ex.c ****   HAL_StatusTypeDef status;
 142              		.loc 1 147 3 is_stmt 1 view .LVU32
 148:Drivers/STM32G0xx_HAL_Driver/Src/stm32g0xx_hal_dma_ex.c ****   HAL_DMA_StateTypeDef temp_state = hdma->State;
 143              		.loc 1 148 3 view .LVU33
 144              		.loc 1 148 24 is_stmt 0 view .LVU34
 145 0002 2523     		movs	r3, #37
 146 0004 C35C     		ldrb	r3, [r0, r3]
 147 0006 DBB2     		uxtb	r3, r3
 148              	.LVL8:
 149:Drivers/STM32G0xx_HAL_Driver/Src/stm32g0xx_hal_dma_ex.c **** 
 150:Drivers/STM32G0xx_HAL_Driver/Src/stm32g0xx_hal_dma_ex.c ****   /* Check the parameters */
 151:Drivers/STM32G0xx_HAL_Driver/Src/stm32g0xx_hal_dma_ex.c ****   assert_param(IS_DMA_ALL_INSTANCE(hdma->Instance));
 149              		.loc 1 151 3 is_stmt 1 view .LVU35
 152:Drivers/STM32G0xx_HAL_Driver/Src/stm32g0xx_hal_dma_ex.c **** 
 153:Drivers/STM32G0xx_HAL_Driver/Src/stm32g0xx_hal_dma_ex.c ****   assert_param(IS_DMAMUX_REQUEST_GEN_SIGNAL_ID(pRequestGeneratorConfig->SignalID));
 150              		.loc 1 153 3 view .LVU36
 154:Drivers/STM32G0xx_HAL_Driver/Src/stm32g0xx_hal_dma_ex.c **** 
 155:Drivers/STM32G0xx_HAL_Driver/Src/stm32g0xx_hal_dma_ex.c ****   assert_param(IS_DMAMUX_REQUEST_GEN_POLARITY(pRequestGeneratorConfig->Polarity));
 151              		.loc 1 155 3 view .LVU37
 156:Drivers/STM32G0xx_HAL_Driver/Src/stm32g0xx_hal_dma_ex.c ****   assert_param(IS_DMAMUX_REQUEST_GEN_REQUEST_NUMBER(pRequestGeneratorConfig->RequestNumber));
 152              		.loc 1 156 3 view .LVU38
 157:Drivers/STM32G0xx_HAL_Driver/Src/stm32g0xx_hal_dma_ex.c **** 
 158:Drivers/STM32G0xx_HAL_Driver/Src/stm32g0xx_hal_dma_ex.c ****   /* check if the DMA state is ready
 159:Drivers/STM32G0xx_HAL_Driver/Src/stm32g0xx_hal_dma_ex.c ****      and DMA is using a DMAMUX request generator block
 160:Drivers/STM32G0xx_HAL_Driver/Src/stm32g0xx_hal_dma_ex.c ****   */
 161:Drivers/STM32G0xx_HAL_Driver/Src/stm32g0xx_hal_dma_ex.c ****   if (hdma->DMAmuxRequestGen == 0U)
 153              		.loc 1 161 3 view .LVU39
 154              		.loc 1 161 11 is_stmt 0 view .LVU40
 155 0008 026D     		ldr	r2, [r0, #80]
 156              		.loc 1 161 6 view .LVU41
 157 000a 002A     		cmp	r2, #0
 158 000c 08D0     		beq	.L10
 162:Drivers/STM32G0xx_HAL_Driver/Src/stm32g0xx_hal_dma_ex.c ****   {
 163:Drivers/STM32G0xx_HAL_Driver/Src/stm32g0xx_hal_dma_ex.c ****     /* Set the error code to busy */
 164:Drivers/STM32G0xx_HAL_Driver/Src/stm32g0xx_hal_dma_ex.c ****     hdma->ErrorCode = HAL_DMA_ERROR_PARAM;
 165:Drivers/STM32G0xx_HAL_Driver/Src/stm32g0xx_hal_dma_ex.c **** 
 166:Drivers/STM32G0xx_HAL_Driver/Src/stm32g0xx_hal_dma_ex.c ****     /* error status */
 167:Drivers/STM32G0xx_HAL_Driver/Src/stm32g0xx_hal_dma_ex.c ****     status = HAL_ERROR;
 168:Drivers/STM32G0xx_HAL_Driver/Src/stm32g0xx_hal_dma_ex.c ****   }
 169:Drivers/STM32G0xx_HAL_Driver/Src/stm32g0xx_hal_dma_ex.c ****   else if (((hdma->DMAmuxRequestGen->RGCR & DMAMUX_RGxCR_GE) == 0U) && (temp_state == HAL_DMA_STATE
 159              		.loc 1 169 8 is_stmt 1 view .LVU42
 160              		.loc 1 169 36 is_stmt 0 view .LVU43
 161 000e 1468     		ldr	r4, [r2]
 162              		.loc 1 169 11 view .LVU44
 163 0010 E403     		lsls	r4, r4, #15
 164 0012 01D4     		bmi	.L8
 165              		.loc 1 169 69 discriminator 1 view .LVU45
 166 0014 012B     		cmp	r3, #1
 167 0016 07D0     		beq	.L11
 168              	.L8:
 170:Drivers/STM32G0xx_HAL_Driver/Src/stm32g0xx_hal_dma_ex.c ****   {
 171:Drivers/STM32G0xx_HAL_Driver/Src/stm32g0xx_hal_dma_ex.c ****     /* RequestGenerator must be disable prior to the configuration i.e GE bit is 0 */
 172:Drivers/STM32G0xx_HAL_Driver/Src/stm32g0xx_hal_dma_ex.c **** 
 173:Drivers/STM32G0xx_HAL_Driver/Src/stm32g0xx_hal_dma_ex.c ****     /* Process Locked */
 174:Drivers/STM32G0xx_HAL_Driver/Src/stm32g0xx_hal_dma_ex.c ****     __HAL_LOCK(hdma);
 175:Drivers/STM32G0xx_HAL_Driver/Src/stm32g0xx_hal_dma_ex.c **** 
ARM GAS  C:\Users\tugru\AppData\Local\Temp\cclfyK2D.s 			page 7


 176:Drivers/STM32G0xx_HAL_Driver/Src/stm32g0xx_hal_dma_ex.c ****     /* Set the request generator new parameters*/
 177:Drivers/STM32G0xx_HAL_Driver/Src/stm32g0xx_hal_dma_ex.c ****     hdma->DMAmuxRequestGen->RGCR = pRequestGeneratorConfig->SignalID | \
 178:Drivers/STM32G0xx_HAL_Driver/Src/stm32g0xx_hal_dma_ex.c ****                                    ((pRequestGeneratorConfig->RequestNumber - 1U) << DMAMUX_RGxCR_G
 179:Drivers/STM32G0xx_HAL_Driver/Src/stm32g0xx_hal_dma_ex.c ****                                    pRequestGeneratorConfig->Polarity;
 180:Drivers/STM32G0xx_HAL_Driver/Src/stm32g0xx_hal_dma_ex.c ****     /* Process UnLocked */
 181:Drivers/STM32G0xx_HAL_Driver/Src/stm32g0xx_hal_dma_ex.c ****     __HAL_UNLOCK(hdma);
 182:Drivers/STM32G0xx_HAL_Driver/Src/stm32g0xx_hal_dma_ex.c **** 
 183:Drivers/STM32G0xx_HAL_Driver/Src/stm32g0xx_hal_dma_ex.c ****     return HAL_OK;
 184:Drivers/STM32G0xx_HAL_Driver/Src/stm32g0xx_hal_dma_ex.c ****   }
 185:Drivers/STM32G0xx_HAL_Driver/Src/stm32g0xx_hal_dma_ex.c ****   else
 186:Drivers/STM32G0xx_HAL_Driver/Src/stm32g0xx_hal_dma_ex.c ****   {
 187:Drivers/STM32G0xx_HAL_Driver/Src/stm32g0xx_hal_dma_ex.c ****     /* Set the error code to busy */
 188:Drivers/STM32G0xx_HAL_Driver/Src/stm32g0xx_hal_dma_ex.c ****     hdma->ErrorCode = HAL_DMA_ERROR_BUSY;
 169              		.loc 1 188 5 is_stmt 1 view .LVU46
 170              		.loc 1 188 21 is_stmt 0 view .LVU47
 171 0018 8023     		movs	r3, #128
 172              	.LVL9:
 173              		.loc 1 188 21 view .LVU48
 174 001a C363     		str	r3, [r0, #60]
 189:Drivers/STM32G0xx_HAL_Driver/Src/stm32g0xx_hal_dma_ex.c **** 
 190:Drivers/STM32G0xx_HAL_Driver/Src/stm32g0xx_hal_dma_ex.c ****     /* error status */
 191:Drivers/STM32G0xx_HAL_Driver/Src/stm32g0xx_hal_dma_ex.c ****     status = HAL_ERROR;
 175              		.loc 1 191 5 is_stmt 1 view .LVU49
 176              	.LVL10:
 192:Drivers/STM32G0xx_HAL_Driver/Src/stm32g0xx_hal_dma_ex.c ****   }
 193:Drivers/STM32G0xx_HAL_Driver/Src/stm32g0xx_hal_dma_ex.c **** 
 194:Drivers/STM32G0xx_HAL_Driver/Src/stm32g0xx_hal_dma_ex.c ****   return status;
 177              		.loc 1 194 10 is_stmt 0 view .LVU50
 178 001c 0120     		movs	r0, #1
 179              	.LVL11:
 180              	.L7:
 195:Drivers/STM32G0xx_HAL_Driver/Src/stm32g0xx_hal_dma_ex.c **** }
 181              		.loc 1 195 1 view .LVU51
 182              		@ sp needed
 183 001e 30BD     		pop	{r4, r5, pc}
 184              	.LVL12:
 185              	.L10:
 164:Drivers/STM32G0xx_HAL_Driver/Src/stm32g0xx_hal_dma_ex.c **** 
 186              		.loc 1 164 5 is_stmt 1 view .LVU52
 164:Drivers/STM32G0xx_HAL_Driver/Src/stm32g0xx_hal_dma_ex.c **** 
 187              		.loc 1 164 21 is_stmt 0 view .LVU53
 188 0020 4023     		movs	r3, #64
 189              	.LVL13:
 164:Drivers/STM32G0xx_HAL_Driver/Src/stm32g0xx_hal_dma_ex.c **** 
 190              		.loc 1 164 21 view .LVU54
 191 0022 C363     		str	r3, [r0, #60]
 167:Drivers/STM32G0xx_HAL_Driver/Src/stm32g0xx_hal_dma_ex.c ****   }
 192              		.loc 1 167 5 is_stmt 1 view .LVU55
 193              	.LVL14:
 194:Drivers/STM32G0xx_HAL_Driver/Src/stm32g0xx_hal_dma_ex.c **** }
 194              		.loc 1 194 10 is_stmt 0 view .LVU56
 195 0024 0120     		movs	r0, #1
 196              	.LVL15:
 194:Drivers/STM32G0xx_HAL_Driver/Src/stm32g0xx_hal_dma_ex.c **** }
 197              		.loc 1 194 10 view .LVU57
 198 0026 FAE7     		b	.L7
 199              	.LVL16:
ARM GAS  C:\Users\tugru\AppData\Local\Temp\cclfyK2D.s 			page 8


 200              	.L11:
 174:Drivers/STM32G0xx_HAL_Driver/Src/stm32g0xx_hal_dma_ex.c **** 
 201              		.loc 1 174 5 is_stmt 1 view .LVU58
 174:Drivers/STM32G0xx_HAL_Driver/Src/stm32g0xx_hal_dma_ex.c **** 
 202              		.loc 1 174 5 view .LVU59
 203 0028 2333     		adds	r3, r3, #35
 204              	.LVL17:
 174:Drivers/STM32G0xx_HAL_Driver/Src/stm32g0xx_hal_dma_ex.c **** 
 205              		.loc 1 174 5 is_stmt 0 view .LVU60
 206 002a C35C     		ldrb	r3, [r0, r3]
 207              	.LVL18:
 174:Drivers/STM32G0xx_HAL_Driver/Src/stm32g0xx_hal_dma_ex.c **** 
 208              		.loc 1 174 5 view .LVU61
 209 002c 012B     		cmp	r3, #1
 210 002e 0ED0     		beq	.L9
 174:Drivers/STM32G0xx_HAL_Driver/Src/stm32g0xx_hal_dma_ex.c **** 
 211              		.loc 1 174 5 is_stmt 1 discriminator 2 view .LVU62
 212 0030 2424     		movs	r4, #36
 213 0032 0123     		movs	r3, #1
 214 0034 0355     		strb	r3, [r0, r4]
 174:Drivers/STM32G0xx_HAL_Driver/Src/stm32g0xx_hal_dma_ex.c **** 
 215              		.loc 1 174 5 discriminator 2 view .LVU63
 177:Drivers/STM32G0xx_HAL_Driver/Src/stm32g0xx_hal_dma_ex.c ****                                    ((pRequestGeneratorConfig->RequestNumber - 1U) << DMAMUX_RGxCR_G
 216              		.loc 1 177 5 discriminator 2 view .LVU64
 178:Drivers/STM32G0xx_HAL_Driver/Src/stm32g0xx_hal_dma_ex.c ****                                    pRequestGeneratorConfig->Polarity;
 217              		.loc 1 178 77 is_stmt 0 discriminator 2 view .LVU65
 218 0036 8B68     		ldr	r3, [r1, #8]
 219 0038 013B     		subs	r3, r3, #1
 178:Drivers/STM32G0xx_HAL_Driver/Src/stm32g0xx_hal_dma_ex.c ****                                    pRequestGeneratorConfig->Polarity;
 220              		.loc 1 178 83 discriminator 2 view .LVU66
 221 003a DB04     		lsls	r3, r3, #19
 177:Drivers/STM32G0xx_HAL_Driver/Src/stm32g0xx_hal_dma_ex.c ****                                    ((pRequestGeneratorConfig->RequestNumber - 1U) << DMAMUX_RGxCR_G
 222              		.loc 1 177 70 discriminator 2 view .LVU67
 223 003c 0D68     		ldr	r5, [r1]
 224 003e 2B43     		orrs	r3, r5
 179:Drivers/STM32G0xx_HAL_Driver/Src/stm32g0xx_hal_dma_ex.c ****     /* Process UnLocked */
 225              		.loc 1 179 59 discriminator 2 view .LVU68
 226 0040 4968     		ldr	r1, [r1, #4]
 227              	.LVL19:
 178:Drivers/STM32G0xx_HAL_Driver/Src/stm32g0xx_hal_dma_ex.c ****                                    pRequestGeneratorConfig->Polarity;
 228              		.loc 1 178 111 discriminator 2 view .LVU69
 229 0042 0B43     		orrs	r3, r1
 177:Drivers/STM32G0xx_HAL_Driver/Src/stm32g0xx_hal_dma_ex.c ****                                    ((pRequestGeneratorConfig->RequestNumber - 1U) << DMAMUX_RGxCR_G
 230              		.loc 1 177 34 discriminator 2 view .LVU70
 231 0044 1360     		str	r3, [r2]
 181:Drivers/STM32G0xx_HAL_Driver/Src/stm32g0xx_hal_dma_ex.c **** 
 232              		.loc 1 181 5 is_stmt 1 discriminator 2 view .LVU71
 181:Drivers/STM32G0xx_HAL_Driver/Src/stm32g0xx_hal_dma_ex.c **** 
 233              		.loc 1 181 5 discriminator 2 view .LVU72
 234 0046 0023     		movs	r3, #0
 235 0048 0355     		strb	r3, [r0, r4]
 181:Drivers/STM32G0xx_HAL_Driver/Src/stm32g0xx_hal_dma_ex.c **** 
 236              		.loc 1 181 5 discriminator 2 view .LVU73
 183:Drivers/STM32G0xx_HAL_Driver/Src/stm32g0xx_hal_dma_ex.c ****   }
 237              		.loc 1 183 5 discriminator 2 view .LVU74
 183:Drivers/STM32G0xx_HAL_Driver/Src/stm32g0xx_hal_dma_ex.c ****   }
 238              		.loc 1 183 12 is_stmt 0 discriminator 2 view .LVU75
ARM GAS  C:\Users\tugru\AppData\Local\Temp\cclfyK2D.s 			page 9


 239 004a 0020     		movs	r0, #0
 240              	.LVL20:
 183:Drivers/STM32G0xx_HAL_Driver/Src/stm32g0xx_hal_dma_ex.c ****   }
 241              		.loc 1 183 12 discriminator 2 view .LVU76
 242 004c E7E7     		b	.L7
 243              	.LVL21:
 244              	.L9:
 174:Drivers/STM32G0xx_HAL_Driver/Src/stm32g0xx_hal_dma_ex.c **** 
 245              		.loc 1 174 5 view .LVU77
 246 004e 0220     		movs	r0, #2
 247              	.LVL22:
 174:Drivers/STM32G0xx_HAL_Driver/Src/stm32g0xx_hal_dma_ex.c **** 
 248              		.loc 1 174 5 view .LVU78
 249 0050 E5E7     		b	.L7
 250              		.cfi_endproc
 251              	.LFE311:
 253              		.section	.text.HAL_DMAEx_EnableMuxRequestGenerator,"ax",%progbits
 254              		.align	1
 255              		.global	HAL_DMAEx_EnableMuxRequestGenerator
 256              		.syntax unified
 257              		.code	16
 258              		.thumb_func
 260              	HAL_DMAEx_EnableMuxRequestGenerator:
 261              	.LVL23:
 262              	.LFB312:
 196:Drivers/STM32G0xx_HAL_Driver/Src/stm32g0xx_hal_dma_ex.c **** 
 197:Drivers/STM32G0xx_HAL_Driver/Src/stm32g0xx_hal_dma_ex.c **** /**
 198:Drivers/STM32G0xx_HAL_Driver/Src/stm32g0xx_hal_dma_ex.c ****   * @brief Enable the DMAMUX request generator block used by the given DMA channel (instance).
 199:Drivers/STM32G0xx_HAL_Driver/Src/stm32g0xx_hal_dma_ex.c ****   * @param hdma Pointer to a DMA_HandleTypeDef structure that contains
 200:Drivers/STM32G0xx_HAL_Driver/Src/stm32g0xx_hal_dma_ex.c ****   *             the configuration information for the specified DMA channel.
 201:Drivers/STM32G0xx_HAL_Driver/Src/stm32g0xx_hal_dma_ex.c ****   * @retval HAL status
 202:Drivers/STM32G0xx_HAL_Driver/Src/stm32g0xx_hal_dma_ex.c ****   */
 203:Drivers/STM32G0xx_HAL_Driver/Src/stm32g0xx_hal_dma_ex.c **** HAL_StatusTypeDef HAL_DMAEx_EnableMuxRequestGenerator(DMA_HandleTypeDef *hdma)
 204:Drivers/STM32G0xx_HAL_Driver/Src/stm32g0xx_hal_dma_ex.c **** {
 263              		.loc 1 204 1 is_stmt 1 view -0
 264              		.cfi_startproc
 265              		@ args = 0, pretend = 0, frame = 0
 266              		@ frame_needed = 0, uses_anonymous_args = 0
 267              		@ link register save eliminated.
 205:Drivers/STM32G0xx_HAL_Driver/Src/stm32g0xx_hal_dma_ex.c ****   /* Check the parameters */
 206:Drivers/STM32G0xx_HAL_Driver/Src/stm32g0xx_hal_dma_ex.c ****   assert_param(IS_DMA_ALL_INSTANCE(hdma->Instance));
 268              		.loc 1 206 3 view .LVU80
 207:Drivers/STM32G0xx_HAL_Driver/Src/stm32g0xx_hal_dma_ex.c **** 
 208:Drivers/STM32G0xx_HAL_Driver/Src/stm32g0xx_hal_dma_ex.c ****   /* check if the DMA state is ready
 209:Drivers/STM32G0xx_HAL_Driver/Src/stm32g0xx_hal_dma_ex.c ****      and DMA is using a DMAMUX request generator block
 210:Drivers/STM32G0xx_HAL_Driver/Src/stm32g0xx_hal_dma_ex.c ****   */
 211:Drivers/STM32G0xx_HAL_Driver/Src/stm32g0xx_hal_dma_ex.c ****   if ((hdma->State != HAL_DMA_STATE_RESET) && (hdma->DMAmuxRequestGen != 0))
 269              		.loc 1 211 3 view .LVU81
 270              		.loc 1 211 12 is_stmt 0 view .LVU82
 271 0000 2523     		movs	r3, #37
 272 0002 C35C     		ldrb	r3, [r0, r3]
 273              		.loc 1 211 6 view .LVU83
 274 0004 002B     		cmp	r3, #0
 275 0006 09D0     		beq	.L14
 276              		.loc 1 211 52 discriminator 1 view .LVU84
 277 0008 036D     		ldr	r3, [r0, #80]
 278              		.loc 1 211 44 discriminator 1 view .LVU85
ARM GAS  C:\Users\tugru\AppData\Local\Temp\cclfyK2D.s 			page 10


 279 000a 002B     		cmp	r3, #0
 280 000c 08D0     		beq	.L15
 212:Drivers/STM32G0xx_HAL_Driver/Src/stm32g0xx_hal_dma_ex.c ****   {
 213:Drivers/STM32G0xx_HAL_Driver/Src/stm32g0xx_hal_dma_ex.c **** 
 214:Drivers/STM32G0xx_HAL_Driver/Src/stm32g0xx_hal_dma_ex.c ****     /* Enable the request generator*/
 215:Drivers/STM32G0xx_HAL_Driver/Src/stm32g0xx_hal_dma_ex.c ****     hdma->DMAmuxRequestGen->RGCR |= DMAMUX_RGxCR_GE;
 281              		.loc 1 215 5 is_stmt 1 view .LVU86
 282              		.loc 1 215 34 is_stmt 0 view .LVU87
 283 000e 1968     		ldr	r1, [r3]
 284 0010 8022     		movs	r2, #128
 285 0012 5202     		lsls	r2, r2, #9
 286 0014 0A43     		orrs	r2, r1
 287 0016 1A60     		str	r2, [r3]
 216:Drivers/STM32G0xx_HAL_Driver/Src/stm32g0xx_hal_dma_ex.c **** 
 217:Drivers/STM32G0xx_HAL_Driver/Src/stm32g0xx_hal_dma_ex.c ****     return HAL_OK;
 288              		.loc 1 217 5 is_stmt 1 view .LVU88
 289              		.loc 1 217 12 is_stmt 0 view .LVU89
 290 0018 0020     		movs	r0, #0
 291              	.LVL24:
 292              	.L13:
 218:Drivers/STM32G0xx_HAL_Driver/Src/stm32g0xx_hal_dma_ex.c ****   }
 219:Drivers/STM32G0xx_HAL_Driver/Src/stm32g0xx_hal_dma_ex.c ****   else
 220:Drivers/STM32G0xx_HAL_Driver/Src/stm32g0xx_hal_dma_ex.c ****   {
 221:Drivers/STM32G0xx_HAL_Driver/Src/stm32g0xx_hal_dma_ex.c ****     return HAL_ERROR;
 222:Drivers/STM32G0xx_HAL_Driver/Src/stm32g0xx_hal_dma_ex.c ****   }
 223:Drivers/STM32G0xx_HAL_Driver/Src/stm32g0xx_hal_dma_ex.c **** }
 293              		.loc 1 223 1 view .LVU90
 294              		@ sp needed
 295 001a 7047     		bx	lr
 296              	.LVL25:
 297              	.L14:
 221:Drivers/STM32G0xx_HAL_Driver/Src/stm32g0xx_hal_dma_ex.c ****   }
 298              		.loc 1 221 12 view .LVU91
 299 001c 0120     		movs	r0, #1
 300              	.LVL26:
 221:Drivers/STM32G0xx_HAL_Driver/Src/stm32g0xx_hal_dma_ex.c ****   }
 301              		.loc 1 221 12 view .LVU92
 302 001e FCE7     		b	.L13
 303              	.LVL27:
 304              	.L15:
 221:Drivers/STM32G0xx_HAL_Driver/Src/stm32g0xx_hal_dma_ex.c ****   }
 305              		.loc 1 221 12 view .LVU93
 306 0020 0120     		movs	r0, #1
 307              	.LVL28:
 221:Drivers/STM32G0xx_HAL_Driver/Src/stm32g0xx_hal_dma_ex.c ****   }
 308              		.loc 1 221 12 view .LVU94
 309 0022 FAE7     		b	.L13
 310              		.cfi_endproc
 311              	.LFE312:
 313              		.section	.text.HAL_DMAEx_DisableMuxRequestGenerator,"ax",%progbits
 314              		.align	1
 315              		.global	HAL_DMAEx_DisableMuxRequestGenerator
 316              		.syntax unified
 317              		.code	16
 318              		.thumb_func
 320              	HAL_DMAEx_DisableMuxRequestGenerator:
 321              	.LVL29:
ARM GAS  C:\Users\tugru\AppData\Local\Temp\cclfyK2D.s 			page 11


 322              	.LFB313:
 224:Drivers/STM32G0xx_HAL_Driver/Src/stm32g0xx_hal_dma_ex.c **** 
 225:Drivers/STM32G0xx_HAL_Driver/Src/stm32g0xx_hal_dma_ex.c **** /**
 226:Drivers/STM32G0xx_HAL_Driver/Src/stm32g0xx_hal_dma_ex.c ****   * @brief Disable the DMAMUX request generator block used by the given DMA channel (instance).
 227:Drivers/STM32G0xx_HAL_Driver/Src/stm32g0xx_hal_dma_ex.c ****   * @param hdma Pointer to a DMA_HandleTypeDef structure that contains
 228:Drivers/STM32G0xx_HAL_Driver/Src/stm32g0xx_hal_dma_ex.c ****   *             the configuration information for the specified DMA channel.
 229:Drivers/STM32G0xx_HAL_Driver/Src/stm32g0xx_hal_dma_ex.c ****   * @retval HAL status
 230:Drivers/STM32G0xx_HAL_Driver/Src/stm32g0xx_hal_dma_ex.c ****   */
 231:Drivers/STM32G0xx_HAL_Driver/Src/stm32g0xx_hal_dma_ex.c **** HAL_StatusTypeDef HAL_DMAEx_DisableMuxRequestGenerator(DMA_HandleTypeDef *hdma)
 232:Drivers/STM32G0xx_HAL_Driver/Src/stm32g0xx_hal_dma_ex.c **** {
 323              		.loc 1 232 1 is_stmt 1 view -0
 324              		.cfi_startproc
 325              		@ args = 0, pretend = 0, frame = 0
 326              		@ frame_needed = 0, uses_anonymous_args = 0
 327              		@ link register save eliminated.
 233:Drivers/STM32G0xx_HAL_Driver/Src/stm32g0xx_hal_dma_ex.c ****   /* Check the parameters */
 234:Drivers/STM32G0xx_HAL_Driver/Src/stm32g0xx_hal_dma_ex.c ****   assert_param(IS_DMA_ALL_INSTANCE(hdma->Instance));
 328              		.loc 1 234 3 view .LVU96
 235:Drivers/STM32G0xx_HAL_Driver/Src/stm32g0xx_hal_dma_ex.c **** 
 236:Drivers/STM32G0xx_HAL_Driver/Src/stm32g0xx_hal_dma_ex.c ****   /* check if the DMA state is ready
 237:Drivers/STM32G0xx_HAL_Driver/Src/stm32g0xx_hal_dma_ex.c ****      and DMA is using a DMAMUX request generator block
 238:Drivers/STM32G0xx_HAL_Driver/Src/stm32g0xx_hal_dma_ex.c ****   */
 239:Drivers/STM32G0xx_HAL_Driver/Src/stm32g0xx_hal_dma_ex.c ****   if ((hdma->State != HAL_DMA_STATE_RESET) && (hdma->DMAmuxRequestGen != 0))
 329              		.loc 1 239 3 view .LVU97
 330              		.loc 1 239 12 is_stmt 0 view .LVU98
 331 0000 2523     		movs	r3, #37
 332 0002 C35C     		ldrb	r3, [r0, r3]
 333              		.loc 1 239 6 view .LVU99
 334 0004 002B     		cmp	r3, #0
 335 0006 08D0     		beq	.L18
 336              		.loc 1 239 52 discriminator 1 view .LVU100
 337 0008 036D     		ldr	r3, [r0, #80]
 338              		.loc 1 239 44 discriminator 1 view .LVU101
 339 000a 002B     		cmp	r3, #0
 340 000c 07D0     		beq	.L19
 240:Drivers/STM32G0xx_HAL_Driver/Src/stm32g0xx_hal_dma_ex.c ****   {
 241:Drivers/STM32G0xx_HAL_Driver/Src/stm32g0xx_hal_dma_ex.c **** 
 242:Drivers/STM32G0xx_HAL_Driver/Src/stm32g0xx_hal_dma_ex.c ****     /* Disable the request generator*/
 243:Drivers/STM32G0xx_HAL_Driver/Src/stm32g0xx_hal_dma_ex.c ****     hdma->DMAmuxRequestGen->RGCR &= ~DMAMUX_RGxCR_GE;
 341              		.loc 1 243 5 is_stmt 1 view .LVU102
 342              		.loc 1 243 34 is_stmt 0 view .LVU103
 343 000e 1A68     		ldr	r2, [r3]
 344 0010 0449     		ldr	r1, .L20
 345 0012 0A40     		ands	r2, r1
 346 0014 1A60     		str	r2, [r3]
 244:Drivers/STM32G0xx_HAL_Driver/Src/stm32g0xx_hal_dma_ex.c **** 
 245:Drivers/STM32G0xx_HAL_Driver/Src/stm32g0xx_hal_dma_ex.c ****     return HAL_OK;
 347              		.loc 1 245 5 is_stmt 1 view .LVU104
 348              		.loc 1 245 12 is_stmt 0 view .LVU105
 349 0016 0020     		movs	r0, #0
 350              	.LVL30:
 351              	.L17:
 246:Drivers/STM32G0xx_HAL_Driver/Src/stm32g0xx_hal_dma_ex.c ****   }
 247:Drivers/STM32G0xx_HAL_Driver/Src/stm32g0xx_hal_dma_ex.c ****   else
 248:Drivers/STM32G0xx_HAL_Driver/Src/stm32g0xx_hal_dma_ex.c ****   {
 249:Drivers/STM32G0xx_HAL_Driver/Src/stm32g0xx_hal_dma_ex.c ****     return HAL_ERROR;
 250:Drivers/STM32G0xx_HAL_Driver/Src/stm32g0xx_hal_dma_ex.c ****   }
ARM GAS  C:\Users\tugru\AppData\Local\Temp\cclfyK2D.s 			page 12


 251:Drivers/STM32G0xx_HAL_Driver/Src/stm32g0xx_hal_dma_ex.c **** }
 352              		.loc 1 251 1 view .LVU106
 353              		@ sp needed
 354 0018 7047     		bx	lr
 355              	.LVL31:
 356              	.L18:
 249:Drivers/STM32G0xx_HAL_Driver/Src/stm32g0xx_hal_dma_ex.c ****   }
 357              		.loc 1 249 12 view .LVU107
 358 001a 0120     		movs	r0, #1
 359              	.LVL32:
 249:Drivers/STM32G0xx_HAL_Driver/Src/stm32g0xx_hal_dma_ex.c ****   }
 360              		.loc 1 249 12 view .LVU108
 361 001c FCE7     		b	.L17
 362              	.LVL33:
 363              	.L19:
 249:Drivers/STM32G0xx_HAL_Driver/Src/stm32g0xx_hal_dma_ex.c ****   }
 364              		.loc 1 249 12 view .LVU109
 365 001e 0120     		movs	r0, #1
 366              	.LVL34:
 249:Drivers/STM32G0xx_HAL_Driver/Src/stm32g0xx_hal_dma_ex.c ****   }
 367              		.loc 1 249 12 view .LVU110
 368 0020 FAE7     		b	.L17
 369              	.L21:
 370 0022 C046     		.align	2
 371              	.L20:
 372 0024 FFFFFEFF 		.word	-65537
 373              		.cfi_endproc
 374              	.LFE313:
 376              		.section	.text.HAL_DMAEx_MUX_IRQHandler,"ax",%progbits
 377              		.align	1
 378              		.global	HAL_DMAEx_MUX_IRQHandler
 379              		.syntax unified
 380              		.code	16
 381              		.thumb_func
 383              	HAL_DMAEx_MUX_IRQHandler:
 384              	.LVL35:
 385              	.LFB314:
 252:Drivers/STM32G0xx_HAL_Driver/Src/stm32g0xx_hal_dma_ex.c **** 
 253:Drivers/STM32G0xx_HAL_Driver/Src/stm32g0xx_hal_dma_ex.c **** /**
 254:Drivers/STM32G0xx_HAL_Driver/Src/stm32g0xx_hal_dma_ex.c ****   * @brief Handles DMAMUX interrupt request.
 255:Drivers/STM32G0xx_HAL_Driver/Src/stm32g0xx_hal_dma_ex.c ****   * @param hdma Pointer to a DMA_HandleTypeDef structure that contains
 256:Drivers/STM32G0xx_HAL_Driver/Src/stm32g0xx_hal_dma_ex.c ****   *             the configuration information for the specified DMA channel.
 257:Drivers/STM32G0xx_HAL_Driver/Src/stm32g0xx_hal_dma_ex.c ****   * @retval None
 258:Drivers/STM32G0xx_HAL_Driver/Src/stm32g0xx_hal_dma_ex.c ****   */
 259:Drivers/STM32G0xx_HAL_Driver/Src/stm32g0xx_hal_dma_ex.c **** void HAL_DMAEx_MUX_IRQHandler(DMA_HandleTypeDef *hdma)
 260:Drivers/STM32G0xx_HAL_Driver/Src/stm32g0xx_hal_dma_ex.c **** {
 386              		.loc 1 260 1 is_stmt 1 view -0
 387              		.cfi_startproc
 388              		@ args = 0, pretend = 0, frame = 0
 389              		@ frame_needed = 0, uses_anonymous_args = 0
 390              		.loc 1 260 1 is_stmt 0 view .LVU112
 391 0000 10B5     		push	{r4, lr}
 392              	.LCFI2:
 393              		.cfi_def_cfa_offset 8
 394              		.cfi_offset 4, -8
 395              		.cfi_offset 14, -4
 396 0002 0400     		movs	r4, r0
ARM GAS  C:\Users\tugru\AppData\Local\Temp\cclfyK2D.s 			page 13


 261:Drivers/STM32G0xx_HAL_Driver/Src/stm32g0xx_hal_dma_ex.c ****   /* Check for DMAMUX Synchronization overrun */
 262:Drivers/STM32G0xx_HAL_Driver/Src/stm32g0xx_hal_dma_ex.c ****   if ((hdma->DMAmuxChannelStatus->CSR & hdma->DMAmuxChannelStatusMask) != 0U)
 397              		.loc 1 262 3 is_stmt 1 view .LVU113
 398              		.loc 1 262 12 is_stmt 0 view .LVU114
 399 0004 836C     		ldr	r3, [r0, #72]
 400              		.loc 1 262 33 view .LVU115
 401 0006 1B68     		ldr	r3, [r3]
 402              		.loc 1 262 6 view .LVU116
 403 0008 C26C     		ldr	r2, [r0, #76]
 404 000a 1A42     		tst	r2, r3
 405 000c 10D0     		beq	.L23
 263:Drivers/STM32G0xx_HAL_Driver/Src/stm32g0xx_hal_dma_ex.c ****   {
 264:Drivers/STM32G0xx_HAL_Driver/Src/stm32g0xx_hal_dma_ex.c ****     /* Disable the synchro overrun interrupt */
 265:Drivers/STM32G0xx_HAL_Driver/Src/stm32g0xx_hal_dma_ex.c ****     hdma->DMAmuxChannel->CCR &= ~DMAMUX_CxCR_SOIE;
 406              		.loc 1 265 5 is_stmt 1 view .LVU117
 407              		.loc 1 265 9 is_stmt 0 view .LVU118
 408 000e 426C     		ldr	r2, [r0, #68]
 409              		.loc 1 265 30 view .LVU119
 410 0010 1368     		ldr	r3, [r2]
 411 0012 1449     		ldr	r1, .L25
 412 0014 0B40     		ands	r3, r1
 413 0016 1360     		str	r3, [r2]
 266:Drivers/STM32G0xx_HAL_Driver/Src/stm32g0xx_hal_dma_ex.c **** 
 267:Drivers/STM32G0xx_HAL_Driver/Src/stm32g0xx_hal_dma_ex.c ****     /* Clear the DMAMUX synchro overrun flag */
 268:Drivers/STM32G0xx_HAL_Driver/Src/stm32g0xx_hal_dma_ex.c ****     hdma->DMAmuxChannelStatus->CFR = hdma->DMAmuxChannelStatusMask;
 414              		.loc 1 268 5 is_stmt 1 view .LVU120
 415              		.loc 1 268 9 is_stmt 0 view .LVU121
 416 0018 836C     		ldr	r3, [r0, #72]
 417              		.loc 1 268 36 view .LVU122
 418 001a C26C     		ldr	r2, [r0, #76]
 419 001c 5A60     		str	r2, [r3, #4]
 269:Drivers/STM32G0xx_HAL_Driver/Src/stm32g0xx_hal_dma_ex.c **** 
 270:Drivers/STM32G0xx_HAL_Driver/Src/stm32g0xx_hal_dma_ex.c ****     /* Update error code */
 271:Drivers/STM32G0xx_HAL_Driver/Src/stm32g0xx_hal_dma_ex.c ****     hdma->ErrorCode |= HAL_DMA_ERROR_SYNC;
 420              		.loc 1 271 5 is_stmt 1 view .LVU123
 421              		.loc 1 271 21 is_stmt 0 view .LVU124
 422 001e C26B     		ldr	r2, [r0, #60]
 423 0020 8023     		movs	r3, #128
 424 0022 9B00     		lsls	r3, r3, #2
 425 0024 1343     		orrs	r3, r2
 426 0026 C363     		str	r3, [r0, #60]
 272:Drivers/STM32G0xx_HAL_Driver/Src/stm32g0xx_hal_dma_ex.c **** 
 273:Drivers/STM32G0xx_HAL_Driver/Src/stm32g0xx_hal_dma_ex.c ****     if (hdma->XferErrorCallback != NULL)
 427              		.loc 1 273 5 is_stmt 1 view .LVU125
 428              		.loc 1 273 13 is_stmt 0 view .LVU126
 429 0028 436B     		ldr	r3, [r0, #52]
 430              		.loc 1 273 8 view .LVU127
 431 002a 002B     		cmp	r3, #0
 432 002c 00D0     		beq	.L23
 274:Drivers/STM32G0xx_HAL_Driver/Src/stm32g0xx_hal_dma_ex.c ****     {
 275:Drivers/STM32G0xx_HAL_Driver/Src/stm32g0xx_hal_dma_ex.c ****       /* Transfer error callback */
 276:Drivers/STM32G0xx_HAL_Driver/Src/stm32g0xx_hal_dma_ex.c ****       hdma->XferErrorCallback(hdma);
 433              		.loc 1 276 7 is_stmt 1 view .LVU128
 434 002e 9847     		blx	r3
 435              	.LVL36:
 436              	.L23:
 277:Drivers/STM32G0xx_HAL_Driver/Src/stm32g0xx_hal_dma_ex.c ****     }
ARM GAS  C:\Users\tugru\AppData\Local\Temp\cclfyK2D.s 			page 14


 278:Drivers/STM32G0xx_HAL_Driver/Src/stm32g0xx_hal_dma_ex.c ****   }
 279:Drivers/STM32G0xx_HAL_Driver/Src/stm32g0xx_hal_dma_ex.c **** 
 280:Drivers/STM32G0xx_HAL_Driver/Src/stm32g0xx_hal_dma_ex.c ****   if (hdma->DMAmuxRequestGen != 0)
 437              		.loc 1 280 3 view .LVU129
 438              		.loc 1 280 11 is_stmt 0 view .LVU130
 439 0030 236D     		ldr	r3, [r4, #80]
 440              		.loc 1 280 6 view .LVU131
 441 0032 002B     		cmp	r3, #0
 442 0034 15D0     		beq	.L22
 281:Drivers/STM32G0xx_HAL_Driver/Src/stm32g0xx_hal_dma_ex.c ****   {
 282:Drivers/STM32G0xx_HAL_Driver/Src/stm32g0xx_hal_dma_ex.c ****     /* if using a DMAMUX request generator block Check for DMAMUX request generator overrun */
 283:Drivers/STM32G0xx_HAL_Driver/Src/stm32g0xx_hal_dma_ex.c ****     if ((hdma->DMAmuxRequestGenStatus->RGSR & hdma->DMAmuxRequestGenStatusMask) != 0U)
 443              		.loc 1 283 5 is_stmt 1 view .LVU132
 444              		.loc 1 283 14 is_stmt 0 view .LVU133
 445 0036 626D     		ldr	r2, [r4, #84]
 446              		.loc 1 283 38 view .LVU134
 447 0038 1268     		ldr	r2, [r2]
 448              		.loc 1 283 8 view .LVU135
 449 003a A16D     		ldr	r1, [r4, #88]
 450 003c 1142     		tst	r1, r2
 451 003e 10D0     		beq	.L22
 284:Drivers/STM32G0xx_HAL_Driver/Src/stm32g0xx_hal_dma_ex.c ****     {
 285:Drivers/STM32G0xx_HAL_Driver/Src/stm32g0xx_hal_dma_ex.c ****       /* Disable the request gen overrun interrupt */
 286:Drivers/STM32G0xx_HAL_Driver/Src/stm32g0xx_hal_dma_ex.c ****       hdma->DMAmuxRequestGen->RGCR &= ~DMAMUX_RGxCR_OIE;
 452              		.loc 1 286 7 is_stmt 1 view .LVU136
 453              		.loc 1 286 36 is_stmt 0 view .LVU137
 454 0040 1A68     		ldr	r2, [r3]
 455 0042 0849     		ldr	r1, .L25
 456 0044 0A40     		ands	r2, r1
 457 0046 1A60     		str	r2, [r3]
 287:Drivers/STM32G0xx_HAL_Driver/Src/stm32g0xx_hal_dma_ex.c **** 
 288:Drivers/STM32G0xx_HAL_Driver/Src/stm32g0xx_hal_dma_ex.c ****       /* Clear the DMAMUX request generator overrun flag */
 289:Drivers/STM32G0xx_HAL_Driver/Src/stm32g0xx_hal_dma_ex.c ****       hdma->DMAmuxRequestGenStatus->RGCFR = hdma->DMAmuxRequestGenStatusMask;
 458              		.loc 1 289 7 is_stmt 1 view .LVU138
 459              		.loc 1 289 11 is_stmt 0 view .LVU139
 460 0048 636D     		ldr	r3, [r4, #84]
 461              		.loc 1 289 43 view .LVU140
 462 004a A26D     		ldr	r2, [r4, #88]
 463 004c 5A60     		str	r2, [r3, #4]
 290:Drivers/STM32G0xx_HAL_Driver/Src/stm32g0xx_hal_dma_ex.c **** 
 291:Drivers/STM32G0xx_HAL_Driver/Src/stm32g0xx_hal_dma_ex.c ****       /* Update error code */
 292:Drivers/STM32G0xx_HAL_Driver/Src/stm32g0xx_hal_dma_ex.c ****       hdma->ErrorCode |= HAL_DMA_ERROR_REQGEN;
 464              		.loc 1 292 7 is_stmt 1 view .LVU141
 465              		.loc 1 292 23 is_stmt 0 view .LVU142
 466 004e E26B     		ldr	r2, [r4, #60]
 467 0050 8023     		movs	r3, #128
 468 0052 DB00     		lsls	r3, r3, #3
 469 0054 1343     		orrs	r3, r2
 470 0056 E363     		str	r3, [r4, #60]
 293:Drivers/STM32G0xx_HAL_Driver/Src/stm32g0xx_hal_dma_ex.c **** 
 294:Drivers/STM32G0xx_HAL_Driver/Src/stm32g0xx_hal_dma_ex.c ****       if (hdma->XferErrorCallback != NULL)
 471              		.loc 1 294 7 is_stmt 1 view .LVU143
 472              		.loc 1 294 15 is_stmt 0 view .LVU144
 473 0058 636B     		ldr	r3, [r4, #52]
 474              		.loc 1 294 10 view .LVU145
 475 005a 002B     		cmp	r3, #0
 476 005c 01D0     		beq	.L22
ARM GAS  C:\Users\tugru\AppData\Local\Temp\cclfyK2D.s 			page 15


 295:Drivers/STM32G0xx_HAL_Driver/Src/stm32g0xx_hal_dma_ex.c ****       {
 296:Drivers/STM32G0xx_HAL_Driver/Src/stm32g0xx_hal_dma_ex.c ****         /* Transfer error callback */
 297:Drivers/STM32G0xx_HAL_Driver/Src/stm32g0xx_hal_dma_ex.c ****         hdma->XferErrorCallback(hdma);
 477              		.loc 1 297 9 is_stmt 1 view .LVU146
 478 005e 2000     		movs	r0, r4
 479 0060 9847     		blx	r3
 480              	.LVL37:
 481              	.L22:
 298:Drivers/STM32G0xx_HAL_Driver/Src/stm32g0xx_hal_dma_ex.c ****       }
 299:Drivers/STM32G0xx_HAL_Driver/Src/stm32g0xx_hal_dma_ex.c ****     }
 300:Drivers/STM32G0xx_HAL_Driver/Src/stm32g0xx_hal_dma_ex.c ****   }
 301:Drivers/STM32G0xx_HAL_Driver/Src/stm32g0xx_hal_dma_ex.c **** }
 482              		.loc 1 301 1 is_stmt 0 view .LVU147
 483              		@ sp needed
 484              	.LVL38:
 485              		.loc 1 301 1 view .LVU148
 486 0062 10BD     		pop	{r4, pc}
 487              	.L26:
 488              		.align	2
 489              	.L25:
 490 0064 FFFEFFFF 		.word	-257
 491              		.cfi_endproc
 492              	.LFE314:
 494              		.text
 495              	.Letext0:
 496              		.file 2 "c:\\dev\\tools\\gcc-arm-none-eabi-10.3-2021.10\\arm-none-eabi\\include\\machine\\_default
 497              		.file 3 "c:\\dev\\tools\\gcc-arm-none-eabi-10.3-2021.10\\arm-none-eabi\\include\\sys\\_stdint.h"
 498              		.file 4 "Drivers/CMSIS/Device/ST/STM32G0xx/Include/stm32g070xx.h"
 499              		.file 5 "Drivers/CMSIS/Device/ST/STM32G0xx/Include/stm32g0xx.h"
 500              		.file 6 "Drivers/STM32G0xx_HAL_Driver/Inc/stm32g0xx_hal_def.h"
 501              		.file 7 "Drivers/STM32G0xx_HAL_Driver/Inc/stm32g0xx_hal_dma.h"
 502              		.file 8 "Drivers/STM32G0xx_HAL_Driver/Inc/stm32g0xx_hal_dma_ex.h"
 503              		.file 9 "Drivers/STM32G0xx_HAL_Driver/Inc/stm32g0xx_ll_dma.h"
ARM GAS  C:\Users\tugru\AppData\Local\Temp\cclfyK2D.s 			page 16


DEFINED SYMBOLS
                            *ABS*:00000000 stm32g0xx_hal_dma_ex.c
C:\Users\tugru\AppData\Local\Temp\cclfyK2D.s:18     .text.HAL_DMAEx_ConfigMuxSync:00000000 $t
C:\Users\tugru\AppData\Local\Temp\cclfyK2D.s:24     .text.HAL_DMAEx_ConfigMuxSync:00000000 HAL_DMAEx_ConfigMuxSync
C:\Users\tugru\AppData\Local\Temp\cclfyK2D.s:122    .text.HAL_DMAEx_ConfigMuxRequestGenerator:00000000 $t
C:\Users\tugru\AppData\Local\Temp\cclfyK2D.s:128    .text.HAL_DMAEx_ConfigMuxRequestGenerator:00000000 HAL_DMAEx_ConfigMuxRequestGenerator
C:\Users\tugru\AppData\Local\Temp\cclfyK2D.s:254    .text.HAL_DMAEx_EnableMuxRequestGenerator:00000000 $t
C:\Users\tugru\AppData\Local\Temp\cclfyK2D.s:260    .text.HAL_DMAEx_EnableMuxRequestGenerator:00000000 HAL_DMAEx_EnableMuxRequestGenerator
C:\Users\tugru\AppData\Local\Temp\cclfyK2D.s:314    .text.HAL_DMAEx_DisableMuxRequestGenerator:00000000 $t
C:\Users\tugru\AppData\Local\Temp\cclfyK2D.s:320    .text.HAL_DMAEx_DisableMuxRequestGenerator:00000000 HAL_DMAEx_DisableMuxRequestGenerator
C:\Users\tugru\AppData\Local\Temp\cclfyK2D.s:372    .text.HAL_DMAEx_DisableMuxRequestGenerator:00000024 $d
C:\Users\tugru\AppData\Local\Temp\cclfyK2D.s:377    .text.HAL_DMAEx_MUX_IRQHandler:00000000 $t
C:\Users\tugru\AppData\Local\Temp\cclfyK2D.s:383    .text.HAL_DMAEx_MUX_IRQHandler:00000000 HAL_DMAEx_MUX_IRQHandler
C:\Users\tugru\AppData\Local\Temp\cclfyK2D.s:490    .text.HAL_DMAEx_MUX_IRQHandler:00000064 $d

NO UNDEFINED SYMBOLS
