ARM GAS  C:\Users\tugru\AppData\Local\Temp\ccY8ZIFs.s 			page 1


   1              		.cpu cortex-m0plus
   2              		.arch armv6s-m
   3              		.fpu softvfp
   4              		.eabi_attribute 20, 1
   5              		.eabi_attribute 21, 1
   6              		.eabi_attribute 23, 3
   7              		.eabi_attribute 24, 1
   8              		.eabi_attribute 25, 1
   9              		.eabi_attribute 26, 1
  10              		.eabi_attribute 30, 1
  11              		.eabi_attribute 34, 0
  12              		.eabi_attribute 18, 4
  13              		.file	"syscalls.c"
  14              		.text
  15              	.Ltext0:
  16              		.cfi_sections	.debug_frame
  17              		.section	.text.initialise_monitor_handles,"ax",%progbits
  18              		.align	1
  19              		.global	initialise_monitor_handles
  20              		.syntax unified
  21              		.code	16
  22              		.thumb_func
  24              	initialise_monitor_handles:
  25              	.LFB25:
  26              		.file 1 "Core/Src/syscalls.c"
   1:Core/Src/syscalls.c **** /**
   2:Core/Src/syscalls.c ****  ******************************************************************************
   3:Core/Src/syscalls.c ****  * @file      syscalls.c
   4:Core/Src/syscalls.c ****  * @author    Auto-generated by STM32CubeMX
   5:Core/Src/syscalls.c ****  * @brief     Minimal System calls file
   6:Core/Src/syscalls.c ****  *
   7:Core/Src/syscalls.c ****  *            For more information about which c-functions
   8:Core/Src/syscalls.c ****  *            need which of these lowlevel functions
   9:Core/Src/syscalls.c ****  *            please consult the Newlib libc-manual
  10:Core/Src/syscalls.c ****  ******************************************************************************
  11:Core/Src/syscalls.c ****  * @attention
  12:Core/Src/syscalls.c ****  *
  13:Core/Src/syscalls.c ****  * Copyright (c) 2020-2024 STMicroelectronics.
  14:Core/Src/syscalls.c ****  * All rights reserved.
  15:Core/Src/syscalls.c ****  *
  16:Core/Src/syscalls.c ****  * This software is licensed under terms that can be found in the LICENSE file
  17:Core/Src/syscalls.c ****  * in the root directory of this software component.
  18:Core/Src/syscalls.c ****  * If no LICENSE file comes with this software, it is provided AS-IS.
  19:Core/Src/syscalls.c ****  *
  20:Core/Src/syscalls.c ****  ******************************************************************************
  21:Core/Src/syscalls.c ****  */
  22:Core/Src/syscalls.c **** 
  23:Core/Src/syscalls.c **** /* Includes */
  24:Core/Src/syscalls.c **** #include <sys/stat.h>
  25:Core/Src/syscalls.c **** #include <stdlib.h>
  26:Core/Src/syscalls.c **** #include <errno.h>
  27:Core/Src/syscalls.c **** #include <stdio.h>
  28:Core/Src/syscalls.c **** #include <signal.h>
  29:Core/Src/syscalls.c **** #include <time.h>
  30:Core/Src/syscalls.c **** #include <sys/time.h>
  31:Core/Src/syscalls.c **** #include <sys/times.h>
  32:Core/Src/syscalls.c **** 
ARM GAS  C:\Users\tugru\AppData\Local\Temp\ccY8ZIFs.s 			page 2


  33:Core/Src/syscalls.c **** 
  34:Core/Src/syscalls.c **** /* Variables */
  35:Core/Src/syscalls.c **** extern int __io_putchar(int ch) __attribute__((weak));
  36:Core/Src/syscalls.c **** extern int __io_getchar(void) __attribute__((weak));
  37:Core/Src/syscalls.c **** 
  38:Core/Src/syscalls.c **** 
  39:Core/Src/syscalls.c **** char *__env[1] = { 0 };
  40:Core/Src/syscalls.c **** char **environ = __env;
  41:Core/Src/syscalls.c **** 
  42:Core/Src/syscalls.c **** 
  43:Core/Src/syscalls.c **** /* Functions */
  44:Core/Src/syscalls.c **** void initialise_monitor_handles()
  45:Core/Src/syscalls.c **** {
  27              		.loc 1 45 1 view -0
  28              		.cfi_startproc
  29              		@ args = 0, pretend = 0, frame = 0
  30              		@ frame_needed = 0, uses_anonymous_args = 0
  31              		@ link register save eliminated.
  46:Core/Src/syscalls.c **** }
  32              		.loc 1 46 1 view .LVU1
  33              		@ sp needed
  34 0000 7047     		bx	lr
  35              		.cfi_endproc
  36              	.LFE25:
  38              		.section	.text._getpid,"ax",%progbits
  39              		.align	1
  40              		.global	_getpid
  41              		.syntax unified
  42              		.code	16
  43              		.thumb_func
  45              	_getpid:
  46              	.LFB26:
  47:Core/Src/syscalls.c **** 
  48:Core/Src/syscalls.c **** int _getpid(void)
  49:Core/Src/syscalls.c **** {
  47              		.loc 1 49 1 view -0
  48              		.cfi_startproc
  49              		@ args = 0, pretend = 0, frame = 0
  50              		@ frame_needed = 0, uses_anonymous_args = 0
  51              		@ link register save eliminated.
  50:Core/Src/syscalls.c ****   return 1;
  52              		.loc 1 50 3 view .LVU3
  51:Core/Src/syscalls.c **** }
  53              		.loc 1 51 1 is_stmt 0 view .LVU4
  54 0000 0120     		movs	r0, #1
  55              		@ sp needed
  56 0002 7047     		bx	lr
  57              		.cfi_endproc
  58              	.LFE26:
  60              		.section	.text._kill,"ax",%progbits
  61              		.align	1
  62              		.global	_kill
  63              		.syntax unified
  64              		.code	16
  65              		.thumb_func
  67              	_kill:
  68              	.LVL0:
ARM GAS  C:\Users\tugru\AppData\Local\Temp\ccY8ZIFs.s 			page 3


  69              	.LFB27:
  52:Core/Src/syscalls.c **** 
  53:Core/Src/syscalls.c **** int _kill(int pid, int sig)
  54:Core/Src/syscalls.c **** {
  70              		.loc 1 54 1 is_stmt 1 view -0
  71              		.cfi_startproc
  72              		@ args = 0, pretend = 0, frame = 0
  73              		@ frame_needed = 0, uses_anonymous_args = 0
  74              		.loc 1 54 1 is_stmt 0 view .LVU6
  75 0000 10B5     		push	{r4, lr}
  76              	.LCFI0:
  77              		.cfi_def_cfa_offset 8
  78              		.cfi_offset 4, -8
  79              		.cfi_offset 14, -4
  55:Core/Src/syscalls.c ****   (void)pid;
  80              		.loc 1 55 3 is_stmt 1 view .LVU7
  56:Core/Src/syscalls.c ****   (void)sig;
  81              		.loc 1 56 3 view .LVU8
  57:Core/Src/syscalls.c ****   errno = EINVAL;
  82              		.loc 1 57 3 view .LVU9
  83 0002 FFF7FEFF 		bl	__errno
  84              	.LVL1:
  85              		.loc 1 57 9 is_stmt 0 view .LVU10
  86 0006 1623     		movs	r3, #22
  87 0008 0360     		str	r3, [r0]
  58:Core/Src/syscalls.c ****   return -1;
  88              		.loc 1 58 3 is_stmt 1 view .LVU11
  89              		.loc 1 58 10 is_stmt 0 view .LVU12
  90 000a 0120     		movs	r0, #1
  59:Core/Src/syscalls.c **** }
  91              		.loc 1 59 1 view .LVU13
  92 000c 4042     		rsbs	r0, r0, #0
  93              		@ sp needed
  94 000e 10BD     		pop	{r4, pc}
  95              		.cfi_endproc
  96              	.LFE27:
  98              		.section	.text._exit,"ax",%progbits
  99              		.align	1
 100              		.global	_exit
 101              		.syntax unified
 102              		.code	16
 103              		.thumb_func
 105              	_exit:
 106              	.LVL2:
 107              	.LFB28:
  60:Core/Src/syscalls.c **** 
  61:Core/Src/syscalls.c **** void _exit (int status)
  62:Core/Src/syscalls.c **** {
 108              		.loc 1 62 1 is_stmt 1 view -0
 109              		.cfi_startproc
 110              		@ Volatile: function does not return.
 111              		@ args = 0, pretend = 0, frame = 0
 112              		@ frame_needed = 0, uses_anonymous_args = 0
 113              		.loc 1 62 1 is_stmt 0 view .LVU15
 114 0000 10B5     		push	{r4, lr}
 115              	.LCFI1:
 116              		.cfi_def_cfa_offset 8
ARM GAS  C:\Users\tugru\AppData\Local\Temp\ccY8ZIFs.s 			page 4


 117              		.cfi_offset 4, -8
 118              		.cfi_offset 14, -4
  63:Core/Src/syscalls.c ****   _kill(status, -1);
 119              		.loc 1 63 3 is_stmt 1 view .LVU16
 120 0002 0121     		movs	r1, #1
 121 0004 4942     		rsbs	r1, r1, #0
 122 0006 FFF7FEFF 		bl	_kill
 123              	.LVL3:
 124              	.L5:
  64:Core/Src/syscalls.c ****   while (1) {}    /* Make sure we hang here */
 125              		.loc 1 64 3 discriminator 1 view .LVU17
 126              		.loc 1 64 14 discriminator 1 view .LVU18
 127              		.loc 1 64 9 discriminator 1 view .LVU19
 128 000a FEE7     		b	.L5
 129              		.cfi_endproc
 130              	.LFE28:
 132              		.section	.text._read,"ax",%progbits
 133              		.align	1
 134              		.weak	_read
 135              		.syntax unified
 136              		.code	16
 137              		.thumb_func
 139              	_read:
 140              	.LVL4:
 141              	.LFB29:
  65:Core/Src/syscalls.c **** }
  66:Core/Src/syscalls.c **** 
  67:Core/Src/syscalls.c **** __attribute__((weak)) int _read(int file, char *ptr, int len)
  68:Core/Src/syscalls.c **** {
 142              		.loc 1 68 1 view -0
 143              		.cfi_startproc
 144              		@ args = 0, pretend = 0, frame = 0
 145              		@ frame_needed = 0, uses_anonymous_args = 0
 146              		.loc 1 68 1 is_stmt 0 view .LVU21
 147 0000 70B5     		push	{r4, r5, r6, lr}
 148              	.LCFI2:
 149              		.cfi_def_cfa_offset 16
 150              		.cfi_offset 4, -16
 151              		.cfi_offset 5, -12
 152              		.cfi_offset 6, -8
 153              		.cfi_offset 14, -4
 154 0002 0C00     		movs	r4, r1
 155 0004 1600     		movs	r6, r2
  69:Core/Src/syscalls.c ****   (void)file;
 156              		.loc 1 69 3 is_stmt 1 view .LVU22
  70:Core/Src/syscalls.c ****   int DataIdx;
 157              		.loc 1 70 3 view .LVU23
  71:Core/Src/syscalls.c **** 
  72:Core/Src/syscalls.c ****   for (DataIdx = 0; DataIdx < len; DataIdx++)
 158              		.loc 1 72 3 view .LVU24
 159              	.LVL5:
 160              		.loc 1 72 16 is_stmt 0 view .LVU25
 161 0006 0025     		movs	r5, #0
 162              		.loc 1 72 3 view .LVU26
 163 0008 04E0     		b	.L7
 164              	.LVL6:
 165              	.L8:
ARM GAS  C:\Users\tugru\AppData\Local\Temp\ccY8ZIFs.s 			page 5


  73:Core/Src/syscalls.c ****   {
  74:Core/Src/syscalls.c ****     *ptr++ = __io_getchar();
 166              		.loc 1 74 5 is_stmt 1 discriminator 3 view .LVU27
 167              		.loc 1 74 14 is_stmt 0 discriminator 3 view .LVU28
 168 000a FFF7FEFF 		bl	__io_getchar
 169              	.LVL7:
 170              		.loc 1 74 12 discriminator 3 view .LVU29
 171 000e 2070     		strb	r0, [r4]
  72:Core/Src/syscalls.c ****   {
 172              		.loc 1 72 36 is_stmt 1 discriminator 3 view .LVU30
  72:Core/Src/syscalls.c ****   {
 173              		.loc 1 72 43 is_stmt 0 discriminator 3 view .LVU31
 174 0010 0135     		adds	r5, r5, #1
 175              	.LVL8:
 176              		.loc 1 74 9 discriminator 3 view .LVU32
 177 0012 0134     		adds	r4, r4, #1
 178              	.LVL9:
 179              	.L7:
  72:Core/Src/syscalls.c ****   {
 180              		.loc 1 72 21 is_stmt 1 discriminator 1 view .LVU33
  72:Core/Src/syscalls.c ****   {
 181              		.loc 1 72 3 is_stmt 0 discriminator 1 view .LVU34
 182 0014 B542     		cmp	r5, r6
 183 0016 F8DB     		blt	.L8
  75:Core/Src/syscalls.c ****   }
  76:Core/Src/syscalls.c **** 
  77:Core/Src/syscalls.c ****   return len;
 184              		.loc 1 77 3 is_stmt 1 view .LVU35
  78:Core/Src/syscalls.c **** }
 185              		.loc 1 78 1 is_stmt 0 view .LVU36
 186 0018 3000     		movs	r0, r6
 187              		@ sp needed
 188              	.LVL10:
 189              	.LVL11:
 190              	.LVL12:
 191              		.loc 1 78 1 view .LVU37
 192 001a 70BD     		pop	{r4, r5, r6, pc}
 193              		.cfi_endproc
 194              	.LFE29:
 196              		.section	.text._write,"ax",%progbits
 197              		.align	1
 198              		.weak	_write
 199              		.syntax unified
 200              		.code	16
 201              		.thumb_func
 203              	_write:
 204              	.LVL13:
 205              	.LFB30:
  79:Core/Src/syscalls.c **** 
  80:Core/Src/syscalls.c **** __attribute__((weak)) int _write(int file, char *ptr, int len)
  81:Core/Src/syscalls.c **** {
 206              		.loc 1 81 1 is_stmt 1 view -0
 207              		.cfi_startproc
 208              		@ args = 0, pretend = 0, frame = 0
 209              		@ frame_needed = 0, uses_anonymous_args = 0
 210              		.loc 1 81 1 is_stmt 0 view .LVU39
 211 0000 70B5     		push	{r4, r5, r6, lr}
ARM GAS  C:\Users\tugru\AppData\Local\Temp\ccY8ZIFs.s 			page 6


 212              	.LCFI3:
 213              		.cfi_def_cfa_offset 16
 214              		.cfi_offset 4, -16
 215              		.cfi_offset 5, -12
 216              		.cfi_offset 6, -8
 217              		.cfi_offset 14, -4
 218 0002 1600     		movs	r6, r2
  82:Core/Src/syscalls.c ****   (void)file;
 219              		.loc 1 82 3 is_stmt 1 view .LVU40
  83:Core/Src/syscalls.c ****   int DataIdx;
 220              		.loc 1 83 3 view .LVU41
  84:Core/Src/syscalls.c **** 
  85:Core/Src/syscalls.c ****   for (DataIdx = 0; DataIdx < len; DataIdx++)
 221              		.loc 1 85 3 view .LVU42
 222              	.LVL14:
 223              		.loc 1 85 16 is_stmt 0 view .LVU43
 224 0004 0024     		movs	r4, #0
 225              		.loc 1 85 3 view .LVU44
 226 0006 05E0     		b	.L10
 227              	.LVL15:
 228              	.L11:
  86:Core/Src/syscalls.c ****   {
  87:Core/Src/syscalls.c ****     __io_putchar(*ptr++);
 229              		.loc 1 87 5 is_stmt 1 discriminator 3 view .LVU45
 230              		.loc 1 87 22 is_stmt 0 discriminator 3 view .LVU46
 231 0008 4D1C     		adds	r5, r1, #1
 232              	.LVL16:
 233              		.loc 1 87 18 discriminator 3 view .LVU47
 234 000a 0878     		ldrb	r0, [r1]
 235              		.loc 1 87 5 discriminator 3 view .LVU48
 236 000c FFF7FEFF 		bl	__io_putchar
 237              	.LVL17:
  85:Core/Src/syscalls.c ****   {
 238              		.loc 1 85 36 is_stmt 1 discriminator 3 view .LVU49
  85:Core/Src/syscalls.c ****   {
 239              		.loc 1 85 43 is_stmt 0 discriminator 3 view .LVU50
 240 0010 0134     		adds	r4, r4, #1
 241              	.LVL18:
 242              		.loc 1 87 22 discriminator 3 view .LVU51
 243 0012 2900     		movs	r1, r5
 244              	.LVL19:
 245              	.L10:
  85:Core/Src/syscalls.c ****   {
 246              		.loc 1 85 21 is_stmt 1 discriminator 1 view .LVU52
  85:Core/Src/syscalls.c ****   {
 247              		.loc 1 85 3 is_stmt 0 discriminator 1 view .LVU53
 248 0014 B442     		cmp	r4, r6
 249 0016 F7DB     		blt	.L11
  88:Core/Src/syscalls.c ****   }
  89:Core/Src/syscalls.c ****   return len;
 250              		.loc 1 89 3 is_stmt 1 view .LVU54
  90:Core/Src/syscalls.c **** }
 251              		.loc 1 90 1 is_stmt 0 view .LVU55
 252 0018 3000     		movs	r0, r6
 253              		@ sp needed
 254              	.LVL20:
 255              	.LVL21:
ARM GAS  C:\Users\tugru\AppData\Local\Temp\ccY8ZIFs.s 			page 7


 256              		.loc 1 90 1 view .LVU56
 257 001a 70BD     		pop	{r4, r5, r6, pc}
 258              		.cfi_endproc
 259              	.LFE30:
 261              		.section	.text._close,"ax",%progbits
 262              		.align	1
 263              		.global	_close
 264              		.syntax unified
 265              		.code	16
 266              		.thumb_func
 268              	_close:
 269              	.LVL22:
 270              	.LFB31:
  91:Core/Src/syscalls.c **** 
  92:Core/Src/syscalls.c **** int _close(int file)
  93:Core/Src/syscalls.c **** {
 271              		.loc 1 93 1 is_stmt 1 view -0
 272              		.cfi_startproc
 273              		@ args = 0, pretend = 0, frame = 0
 274              		@ frame_needed = 0, uses_anonymous_args = 0
 275              		@ link register save eliminated.
  94:Core/Src/syscalls.c ****   (void)file;
 276              		.loc 1 94 3 view .LVU58
  95:Core/Src/syscalls.c ****   return -1;
 277              		.loc 1 95 3 view .LVU59
 278              		.loc 1 95 10 is_stmt 0 view .LVU60
 279 0000 0120     		movs	r0, #1
 280              	.LVL23:
  96:Core/Src/syscalls.c **** }
 281              		.loc 1 96 1 view .LVU61
 282 0002 4042     		rsbs	r0, r0, #0
 283              		@ sp needed
 284 0004 7047     		bx	lr
 285              		.cfi_endproc
 286              	.LFE31:
 288              		.section	.text._fstat,"ax",%progbits
 289              		.align	1
 290              		.global	_fstat
 291              		.syntax unified
 292              		.code	16
 293              		.thumb_func
 295              	_fstat:
 296              	.LVL24:
 297              	.LFB32:
  97:Core/Src/syscalls.c **** 
  98:Core/Src/syscalls.c **** 
  99:Core/Src/syscalls.c **** int _fstat(int file, struct stat *st)
 100:Core/Src/syscalls.c **** {
 298              		.loc 1 100 1 is_stmt 1 view -0
 299              		.cfi_startproc
 300              		@ args = 0, pretend = 0, frame = 0
 301              		@ frame_needed = 0, uses_anonymous_args = 0
 302              		@ link register save eliminated.
 101:Core/Src/syscalls.c ****   (void)file;
 303              		.loc 1 101 3 view .LVU63
 102:Core/Src/syscalls.c ****   st->st_mode = S_IFCHR;
 304              		.loc 1 102 3 view .LVU64
ARM GAS  C:\Users\tugru\AppData\Local\Temp\ccY8ZIFs.s 			page 8


 305              		.loc 1 102 15 is_stmt 0 view .LVU65
 306 0000 8023     		movs	r3, #128
 307 0002 9B01     		lsls	r3, r3, #6
 308 0004 4B60     		str	r3, [r1, #4]
 103:Core/Src/syscalls.c ****   return 0;
 309              		.loc 1 103 3 is_stmt 1 view .LVU66
 104:Core/Src/syscalls.c **** }
 310              		.loc 1 104 1 is_stmt 0 view .LVU67
 311 0006 0020     		movs	r0, #0
 312              	.LVL25:
 313              		.loc 1 104 1 view .LVU68
 314              		@ sp needed
 315 0008 7047     		bx	lr
 316              		.cfi_endproc
 317              	.LFE32:
 319              		.section	.text._isatty,"ax",%progbits
 320              		.align	1
 321              		.global	_isatty
 322              		.syntax unified
 323              		.code	16
 324              		.thumb_func
 326              	_isatty:
 327              	.LVL26:
 328              	.LFB33:
 105:Core/Src/syscalls.c **** 
 106:Core/Src/syscalls.c **** int _isatty(int file)
 107:Core/Src/syscalls.c **** {
 329              		.loc 1 107 1 is_stmt 1 view -0
 330              		.cfi_startproc
 331              		@ args = 0, pretend = 0, frame = 0
 332              		@ frame_needed = 0, uses_anonymous_args = 0
 333              		@ link register save eliminated.
 108:Core/Src/syscalls.c ****   (void)file;
 334              		.loc 1 108 3 view .LVU70
 109:Core/Src/syscalls.c ****   return 1;
 335              		.loc 1 109 3 view .LVU71
 110:Core/Src/syscalls.c **** }
 336              		.loc 1 110 1 is_stmt 0 view .LVU72
 337 0000 0120     		movs	r0, #1
 338              	.LVL27:
 339              		.loc 1 110 1 view .LVU73
 340              		@ sp needed
 341 0002 7047     		bx	lr
 342              		.cfi_endproc
 343              	.LFE33:
 345              		.section	.text._lseek,"ax",%progbits
 346              		.align	1
 347              		.global	_lseek
 348              		.syntax unified
 349              		.code	16
 350              		.thumb_func
 352              	_lseek:
 353              	.LVL28:
 354              	.LFB34:
 111:Core/Src/syscalls.c **** 
 112:Core/Src/syscalls.c **** int _lseek(int file, int ptr, int dir)
 113:Core/Src/syscalls.c **** {
ARM GAS  C:\Users\tugru\AppData\Local\Temp\ccY8ZIFs.s 			page 9


 355              		.loc 1 113 1 is_stmt 1 view -0
 356              		.cfi_startproc
 357              		@ args = 0, pretend = 0, frame = 0
 358              		@ frame_needed = 0, uses_anonymous_args = 0
 359              		@ link register save eliminated.
 114:Core/Src/syscalls.c ****   (void)file;
 360              		.loc 1 114 3 view .LVU75
 115:Core/Src/syscalls.c ****   (void)ptr;
 361              		.loc 1 115 3 view .LVU76
 116:Core/Src/syscalls.c ****   (void)dir;
 362              		.loc 1 116 3 view .LVU77
 117:Core/Src/syscalls.c ****   return 0;
 363              		.loc 1 117 3 view .LVU78
 118:Core/Src/syscalls.c **** }
 364              		.loc 1 118 1 is_stmt 0 view .LVU79
 365 0000 0020     		movs	r0, #0
 366              	.LVL29:
 367              		.loc 1 118 1 view .LVU80
 368              		@ sp needed
 369 0002 7047     		bx	lr
 370              		.cfi_endproc
 371              	.LFE34:
 373              		.section	.text._open,"ax",%progbits
 374              		.align	1
 375              		.global	_open
 376              		.syntax unified
 377              		.code	16
 378              		.thumb_func
 380              	_open:
 381              	.LVL30:
 382              	.LFB35:
 119:Core/Src/syscalls.c **** 
 120:Core/Src/syscalls.c **** int _open(char *path, int flags, ...)
 121:Core/Src/syscalls.c **** {
 383              		.loc 1 121 1 is_stmt 1 view -0
 384              		.cfi_startproc
 385              		@ args = 4, pretend = 12, frame = 0
 386              		@ frame_needed = 0, uses_anonymous_args = 1
 387              		@ link register save eliminated.
 388              		.loc 1 121 1 is_stmt 0 view .LVU82
 389 0000 0EB4     		push	{r1, r2, r3}
 390              	.LCFI4:
 391              		.cfi_def_cfa_offset 12
 122:Core/Src/syscalls.c ****   (void)path;
 392              		.loc 1 122 3 is_stmt 1 view .LVU83
 123:Core/Src/syscalls.c ****   (void)flags;
 393              		.loc 1 123 3 view .LVU84
 124:Core/Src/syscalls.c ****   /* Pretend like we always fail */
 125:Core/Src/syscalls.c ****   return -1;
 394              		.loc 1 125 3 view .LVU85
 395              		.loc 1 125 10 is_stmt 0 view .LVU86
 396 0002 0120     		movs	r0, #1
 397              	.LVL31:
 126:Core/Src/syscalls.c **** }
 398              		.loc 1 126 1 view .LVU87
 399 0004 4042     		rsbs	r0, r0, #0
 400              		@ sp needed
ARM GAS  C:\Users\tugru\AppData\Local\Temp\ccY8ZIFs.s 			page 10


 401 0006 03B0     		add	sp, sp, #12
 402 0008 7047     		bx	lr
 403              		.cfi_endproc
 404              	.LFE35:
 406              		.section	.text._wait,"ax",%progbits
 407              		.align	1
 408              		.global	_wait
 409              		.syntax unified
 410              		.code	16
 411              		.thumb_func
 413              	_wait:
 414              	.LVL32:
 415              	.LFB36:
 127:Core/Src/syscalls.c **** 
 128:Core/Src/syscalls.c **** int _wait(int *status)
 129:Core/Src/syscalls.c **** {
 416              		.loc 1 129 1 is_stmt 1 view -0
 417              		.cfi_startproc
 418              		@ args = 0, pretend = 0, frame = 0
 419              		@ frame_needed = 0, uses_anonymous_args = 0
 420              		.loc 1 129 1 is_stmt 0 view .LVU89
 421 0000 10B5     		push	{r4, lr}
 422              	.LCFI5:
 423              		.cfi_def_cfa_offset 8
 424              		.cfi_offset 4, -8
 425              		.cfi_offset 14, -4
 130:Core/Src/syscalls.c ****   (void)status;
 426              		.loc 1 130 3 is_stmt 1 view .LVU90
 131:Core/Src/syscalls.c ****   errno = ECHILD;
 427              		.loc 1 131 3 view .LVU91
 428 0002 FFF7FEFF 		bl	__errno
 429              	.LVL33:
 430              		.loc 1 131 9 is_stmt 0 view .LVU92
 431 0006 0A23     		movs	r3, #10
 432 0008 0360     		str	r3, [r0]
 132:Core/Src/syscalls.c ****   return -1;
 433              		.loc 1 132 3 is_stmt 1 view .LVU93
 434              		.loc 1 132 10 is_stmt 0 view .LVU94
 435 000a 0120     		movs	r0, #1
 133:Core/Src/syscalls.c **** }
 436              		.loc 1 133 1 view .LVU95
 437 000c 4042     		rsbs	r0, r0, #0
 438              		@ sp needed
 439 000e 10BD     		pop	{r4, pc}
 440              		.cfi_endproc
 441              	.LFE36:
 443              		.section	.text._unlink,"ax",%progbits
 444              		.align	1
 445              		.global	_unlink
 446              		.syntax unified
 447              		.code	16
 448              		.thumb_func
 450              	_unlink:
 451              	.LVL34:
 452              	.LFB37:
 134:Core/Src/syscalls.c **** 
 135:Core/Src/syscalls.c **** int _unlink(char *name)
ARM GAS  C:\Users\tugru\AppData\Local\Temp\ccY8ZIFs.s 			page 11


 136:Core/Src/syscalls.c **** {
 453              		.loc 1 136 1 is_stmt 1 view -0
 454              		.cfi_startproc
 455              		@ args = 0, pretend = 0, frame = 0
 456              		@ frame_needed = 0, uses_anonymous_args = 0
 457              		.loc 1 136 1 is_stmt 0 view .LVU97
 458 0000 10B5     		push	{r4, lr}
 459              	.LCFI6:
 460              		.cfi_def_cfa_offset 8
 461              		.cfi_offset 4, -8
 462              		.cfi_offset 14, -4
 137:Core/Src/syscalls.c ****   (void)name;
 463              		.loc 1 137 3 is_stmt 1 view .LVU98
 138:Core/Src/syscalls.c ****   errno = ENOENT;
 464              		.loc 1 138 3 view .LVU99
 465 0002 FFF7FEFF 		bl	__errno
 466              	.LVL35:
 467              		.loc 1 138 9 is_stmt 0 view .LVU100
 468 0006 0223     		movs	r3, #2
 469 0008 0360     		str	r3, [r0]
 139:Core/Src/syscalls.c ****   return -1;
 470              		.loc 1 139 3 is_stmt 1 view .LVU101
 471              		.loc 1 139 10 is_stmt 0 view .LVU102
 472 000a 0120     		movs	r0, #1
 140:Core/Src/syscalls.c **** }
 473              		.loc 1 140 1 view .LVU103
 474 000c 4042     		rsbs	r0, r0, #0
 475              		@ sp needed
 476 000e 10BD     		pop	{r4, pc}
 477              		.cfi_endproc
 478              	.LFE37:
 480              		.section	.text._times,"ax",%progbits
 481              		.align	1
 482              		.global	_times
 483              		.syntax unified
 484              		.code	16
 485              		.thumb_func
 487              	_times:
 488              	.LVL36:
 489              	.LFB38:
 141:Core/Src/syscalls.c **** 
 142:Core/Src/syscalls.c **** int _times(struct tms *buf)
 143:Core/Src/syscalls.c **** {
 490              		.loc 1 143 1 is_stmt 1 view -0
 491              		.cfi_startproc
 492              		@ args = 0, pretend = 0, frame = 0
 493              		@ frame_needed = 0, uses_anonymous_args = 0
 494              		@ link register save eliminated.
 144:Core/Src/syscalls.c ****   (void)buf;
 495              		.loc 1 144 3 view .LVU105
 145:Core/Src/syscalls.c ****   return -1;
 496              		.loc 1 145 3 view .LVU106
 497              		.loc 1 145 10 is_stmt 0 view .LVU107
 498 0000 0120     		movs	r0, #1
 499              	.LVL37:
 146:Core/Src/syscalls.c **** }
 500              		.loc 1 146 1 view .LVU108
ARM GAS  C:\Users\tugru\AppData\Local\Temp\ccY8ZIFs.s 			page 12


 501 0002 4042     		rsbs	r0, r0, #0
 502              		@ sp needed
 503 0004 7047     		bx	lr
 504              		.cfi_endproc
 505              	.LFE38:
 507              		.section	.text._stat,"ax",%progbits
 508              		.align	1
 509              		.global	_stat
 510              		.syntax unified
 511              		.code	16
 512              		.thumb_func
 514              	_stat:
 515              	.LVL38:
 516              	.LFB39:
 147:Core/Src/syscalls.c **** 
 148:Core/Src/syscalls.c **** int _stat(char *file, struct stat *st)
 149:Core/Src/syscalls.c **** {
 517              		.loc 1 149 1 is_stmt 1 view -0
 518              		.cfi_startproc
 519              		@ args = 0, pretend = 0, frame = 0
 520              		@ frame_needed = 0, uses_anonymous_args = 0
 521              		@ link register save eliminated.
 150:Core/Src/syscalls.c ****   (void)file;
 522              		.loc 1 150 3 view .LVU110
 151:Core/Src/syscalls.c ****   st->st_mode = S_IFCHR;
 523              		.loc 1 151 3 view .LVU111
 524              		.loc 1 151 15 is_stmt 0 view .LVU112
 525 0000 8023     		movs	r3, #128
 526 0002 9B01     		lsls	r3, r3, #6
 527 0004 4B60     		str	r3, [r1, #4]
 152:Core/Src/syscalls.c ****   return 0;
 528              		.loc 1 152 3 is_stmt 1 view .LVU113
 153:Core/Src/syscalls.c **** }
 529              		.loc 1 153 1 is_stmt 0 view .LVU114
 530 0006 0020     		movs	r0, #0
 531              	.LVL39:
 532              		.loc 1 153 1 view .LVU115
 533              		@ sp needed
 534 0008 7047     		bx	lr
 535              		.cfi_endproc
 536              	.LFE39:
 538              		.section	.text._link,"ax",%progbits
 539              		.align	1
 540              		.global	_link
 541              		.syntax unified
 542              		.code	16
 543              		.thumb_func
 545              	_link:
 546              	.LVL40:
 547              	.LFB40:
 154:Core/Src/syscalls.c **** 
 155:Core/Src/syscalls.c **** int _link(char *old, char *new)
 156:Core/Src/syscalls.c **** {
 548              		.loc 1 156 1 is_stmt 1 view -0
 549              		.cfi_startproc
 550              		@ args = 0, pretend = 0, frame = 0
 551              		@ frame_needed = 0, uses_anonymous_args = 0
ARM GAS  C:\Users\tugru\AppData\Local\Temp\ccY8ZIFs.s 			page 13


 552              		.loc 1 156 1 is_stmt 0 view .LVU117
 553 0000 10B5     		push	{r4, lr}
 554              	.LCFI7:
 555              		.cfi_def_cfa_offset 8
 556              		.cfi_offset 4, -8
 557              		.cfi_offset 14, -4
 157:Core/Src/syscalls.c ****   (void)old;
 558              		.loc 1 157 3 is_stmt 1 view .LVU118
 158:Core/Src/syscalls.c ****   (void)new;
 559              		.loc 1 158 3 view .LVU119
 159:Core/Src/syscalls.c ****   errno = EMLINK;
 560              		.loc 1 159 3 view .LVU120
 561 0002 FFF7FEFF 		bl	__errno
 562              	.LVL41:
 563              		.loc 1 159 9 is_stmt 0 view .LVU121
 564 0006 1F23     		movs	r3, #31
 565 0008 0360     		str	r3, [r0]
 160:Core/Src/syscalls.c ****   return -1;
 566              		.loc 1 160 3 is_stmt 1 view .LVU122
 567              		.loc 1 160 10 is_stmt 0 view .LVU123
 568 000a 0120     		movs	r0, #1
 161:Core/Src/syscalls.c **** }
 569              		.loc 1 161 1 view .LVU124
 570 000c 4042     		rsbs	r0, r0, #0
 571              		@ sp needed
 572 000e 10BD     		pop	{r4, pc}
 573              		.cfi_endproc
 574              	.LFE40:
 576              		.section	.text._fork,"ax",%progbits
 577              		.align	1
 578              		.global	_fork
 579              		.syntax unified
 580              		.code	16
 581              		.thumb_func
 583              	_fork:
 584              	.LFB41:
 162:Core/Src/syscalls.c **** 
 163:Core/Src/syscalls.c **** int _fork(void)
 164:Core/Src/syscalls.c **** {
 585              		.loc 1 164 1 is_stmt 1 view -0
 586              		.cfi_startproc
 587              		@ args = 0, pretend = 0, frame = 0
 588              		@ frame_needed = 0, uses_anonymous_args = 0
 589 0000 10B5     		push	{r4, lr}
 590              	.LCFI8:
 591              		.cfi_def_cfa_offset 8
 592              		.cfi_offset 4, -8
 593              		.cfi_offset 14, -4
 165:Core/Src/syscalls.c ****   errno = EAGAIN;
 594              		.loc 1 165 3 view .LVU126
 595 0002 FFF7FEFF 		bl	__errno
 596              	.LVL42:
 597              		.loc 1 165 9 is_stmt 0 view .LVU127
 598 0006 0B23     		movs	r3, #11
 599 0008 0360     		str	r3, [r0]
 166:Core/Src/syscalls.c ****   return -1;
 600              		.loc 1 166 3 is_stmt 1 view .LVU128
ARM GAS  C:\Users\tugru\AppData\Local\Temp\ccY8ZIFs.s 			page 14


 601              		.loc 1 166 10 is_stmt 0 view .LVU129
 602 000a 0120     		movs	r0, #1
 167:Core/Src/syscalls.c **** }
 603              		.loc 1 167 1 view .LVU130
 604 000c 4042     		rsbs	r0, r0, #0
 605              		@ sp needed
 606 000e 10BD     		pop	{r4, pc}
 607              		.cfi_endproc
 608              	.LFE41:
 610              		.section	.text._execve,"ax",%progbits
 611              		.align	1
 612              		.global	_execve
 613              		.syntax unified
 614              		.code	16
 615              		.thumb_func
 617              	_execve:
 618              	.LVL43:
 619              	.LFB42:
 168:Core/Src/syscalls.c **** 
 169:Core/Src/syscalls.c **** int _execve(char *name, char **argv, char **env)
 170:Core/Src/syscalls.c **** {
 620              		.loc 1 170 1 is_stmt 1 view -0
 621              		.cfi_startproc
 622              		@ args = 0, pretend = 0, frame = 0
 623              		@ frame_needed = 0, uses_anonymous_args = 0
 624              		.loc 1 170 1 is_stmt 0 view .LVU132
 625 0000 10B5     		push	{r4, lr}
 626              	.LCFI9:
 627              		.cfi_def_cfa_offset 8
 628              		.cfi_offset 4, -8
 629              		.cfi_offset 14, -4
 171:Core/Src/syscalls.c ****   (void)name;
 630              		.loc 1 171 3 is_stmt 1 view .LVU133
 172:Core/Src/syscalls.c ****   (void)argv;
 631              		.loc 1 172 3 view .LVU134
 173:Core/Src/syscalls.c ****   (void)env;
 632              		.loc 1 173 3 view .LVU135
 174:Core/Src/syscalls.c ****   errno = ENOMEM;
 633              		.loc 1 174 3 view .LVU136
 634 0002 FFF7FEFF 		bl	__errno
 635              	.LVL44:
 636              		.loc 1 174 9 is_stmt 0 view .LVU137
 637 0006 0C23     		movs	r3, #12
 638 0008 0360     		str	r3, [r0]
 175:Core/Src/syscalls.c ****   return -1;
 639              		.loc 1 175 3 is_stmt 1 view .LVU138
 640              		.loc 1 175 10 is_stmt 0 view .LVU139
 641 000a 0120     		movs	r0, #1
 176:Core/Src/syscalls.c **** }
 642              		.loc 1 176 1 view .LVU140
 643 000c 4042     		rsbs	r0, r0, #0
 644              		@ sp needed
 645 000e 10BD     		pop	{r4, pc}
 646              		.cfi_endproc
 647              	.LFE42:
 649              		.global	environ
 650              		.global	__env
ARM GAS  C:\Users\tugru\AppData\Local\Temp\ccY8ZIFs.s 			page 15


 651              		.section	.bss.__env,"aw",%nobits
 652              		.align	2
 655              	__env:
 656 0000 00000000 		.space	4
 657              		.section	.data.environ,"aw"
 658              		.align	2
 661              	environ:
 662 0000 00000000 		.word	__env
 663              		.weak	__io_putchar
 664              		.weak	__io_getchar
 665              		.text
 666              	.Letext0:
 667              		.file 2 "c:\\dev\\tools\\gcc-arm-none-eabi-10.3-2021.10\\arm-none-eabi\\include\\machine\\_default
 668              		.file 3 "c:\\dev\\tools\\gcc-arm-none-eabi-10.3-2021.10\\arm-none-eabi\\include\\sys\\_types.h"
 669              		.file 4 "c:\\dev\\tools\\gcc-arm-none-eabi-10.3-2021.10\\arm-none-eabi\\include\\sys\\_timeval.h"
 670              		.file 5 "c:\\dev\\tools\\gcc-arm-none-eabi-10.3-2021.10\\arm-none-eabi\\include\\sys\\_timespec.h"
 671              		.file 6 "c:\\dev\\tools\\gcc-arm-none-eabi-10.3-2021.10\\arm-none-eabi\\include\\sys\\types.h"
 672              		.file 7 "c:\\dev\\tools\\gcc-arm-none-eabi-10.3-2021.10\\arm-none-eabi\\include\\sys\\stat.h"
 673              		.file 8 "c:\\dev\\tools\\gcc-arm-none-eabi-10.3-2021.10\\arm-none-eabi\\include\\sys\\times.h"
 674              		.file 9 "c:\\dev\\tools\\gcc-arm-none-eabi-10.3-2021.10\\arm-none-eabi\\include\\sys\\errno.h"
ARM GAS  C:\Users\tugru\AppData\Local\Temp\ccY8ZIFs.s 			page 16


DEFINED SYMBOLS
                            *ABS*:00000000 syscalls.c
C:\Users\tugru\AppData\Local\Temp\ccY8ZIFs.s:18     .text.initialise_monitor_handles:00000000 $t
C:\Users\tugru\AppData\Local\Temp\ccY8ZIFs.s:24     .text.initialise_monitor_handles:00000000 initialise_monitor_handles
C:\Users\tugru\AppData\Local\Temp\ccY8ZIFs.s:39     .text._getpid:00000000 $t
C:\Users\tugru\AppData\Local\Temp\ccY8ZIFs.s:45     .text._getpid:00000000 _getpid
C:\Users\tugru\AppData\Local\Temp\ccY8ZIFs.s:61     .text._kill:00000000 $t
C:\Users\tugru\AppData\Local\Temp\ccY8ZIFs.s:67     .text._kill:00000000 _kill
C:\Users\tugru\AppData\Local\Temp\ccY8ZIFs.s:99     .text._exit:00000000 $t
C:\Users\tugru\AppData\Local\Temp\ccY8ZIFs.s:105    .text._exit:00000000 _exit
C:\Users\tugru\AppData\Local\Temp\ccY8ZIFs.s:133    .text._read:00000000 $t
C:\Users\tugru\AppData\Local\Temp\ccY8ZIFs.s:139    .text._read:00000000 _read
C:\Users\tugru\AppData\Local\Temp\ccY8ZIFs.s:197    .text._write:00000000 $t
C:\Users\tugru\AppData\Local\Temp\ccY8ZIFs.s:203    .text._write:00000000 _write
C:\Users\tugru\AppData\Local\Temp\ccY8ZIFs.s:262    .text._close:00000000 $t
C:\Users\tugru\AppData\Local\Temp\ccY8ZIFs.s:268    .text._close:00000000 _close
C:\Users\tugru\AppData\Local\Temp\ccY8ZIFs.s:289    .text._fstat:00000000 $t
C:\Users\tugru\AppData\Local\Temp\ccY8ZIFs.s:295    .text._fstat:00000000 _fstat
C:\Users\tugru\AppData\Local\Temp\ccY8ZIFs.s:320    .text._isatty:00000000 $t
C:\Users\tugru\AppData\Local\Temp\ccY8ZIFs.s:326    .text._isatty:00000000 _isatty
C:\Users\tugru\AppData\Local\Temp\ccY8ZIFs.s:346    .text._lseek:00000000 $t
C:\Users\tugru\AppData\Local\Temp\ccY8ZIFs.s:352    .text._lseek:00000000 _lseek
C:\Users\tugru\AppData\Local\Temp\ccY8ZIFs.s:374    .text._open:00000000 $t
C:\Users\tugru\AppData\Local\Temp\ccY8ZIFs.s:380    .text._open:00000000 _open
C:\Users\tugru\AppData\Local\Temp\ccY8ZIFs.s:407    .text._wait:00000000 $t
C:\Users\tugru\AppData\Local\Temp\ccY8ZIFs.s:413    .text._wait:00000000 _wait
C:\Users\tugru\AppData\Local\Temp\ccY8ZIFs.s:444    .text._unlink:00000000 $t
C:\Users\tugru\AppData\Local\Temp\ccY8ZIFs.s:450    .text._unlink:00000000 _unlink
C:\Users\tugru\AppData\Local\Temp\ccY8ZIFs.s:481    .text._times:00000000 $t
C:\Users\tugru\AppData\Local\Temp\ccY8ZIFs.s:487    .text._times:00000000 _times
C:\Users\tugru\AppData\Local\Temp\ccY8ZIFs.s:508    .text._stat:00000000 $t
C:\Users\tugru\AppData\Local\Temp\ccY8ZIFs.s:514    .text._stat:00000000 _stat
C:\Users\tugru\AppData\Local\Temp\ccY8ZIFs.s:539    .text._link:00000000 $t
C:\Users\tugru\AppData\Local\Temp\ccY8ZIFs.s:545    .text._link:00000000 _link
C:\Users\tugru\AppData\Local\Temp\ccY8ZIFs.s:577    .text._fork:00000000 $t
C:\Users\tugru\AppData\Local\Temp\ccY8ZIFs.s:583    .text._fork:00000000 _fork
C:\Users\tugru\AppData\Local\Temp\ccY8ZIFs.s:611    .text._execve:00000000 $t
C:\Users\tugru\AppData\Local\Temp\ccY8ZIFs.s:617    .text._execve:00000000 _execve
C:\Users\tugru\AppData\Local\Temp\ccY8ZIFs.s:661    .data.environ:00000000 environ
C:\Users\tugru\AppData\Local\Temp\ccY8ZIFs.s:655    .bss.__env:00000000 __env
C:\Users\tugru\AppData\Local\Temp\ccY8ZIFs.s:652    .bss.__env:00000000 $d
C:\Users\tugru\AppData\Local\Temp\ccY8ZIFs.s:658    .data.environ:00000000 $d

UNDEFINED SYMBOLS
__errno
__io_getchar
__io_putchar
